<html>
<head>
<title>TestNG:  Awards</title>
<link href="../testng.css" rel="stylesheet" type="text/css" />
<link href="../my-testng.css" rel="stylesheet" type="text/css" />

<style type="text/css">
.log { display: none;} 
.stack-trace { display: none;} 
</style>
<script type="text/javascript">
<!--
function flip(e) {
  current = e.style.display;
  if (current == 'block') {
    e.style.display = 'none';
    return 0;
  }
  else {
    e.style.display = 'block';
    return 1;
  }
}

function toggleBox(szDivId, elem, msg1, msg2)
{
  var res = -1;  if (document.getElementById) {
    res = flip(document.getElementById(szDivId));
  }
  else if (document.all) {
    // this is the way old msie versions work
    res = flip(document.all[szDivId]);
  }
  if(elem) {
    if(res == 0) elem.innerHTML = msg1; else elem.innerHTML = msg2;
  }

}

function toggleAllBoxes() {
  if (document.getElementsByTagName) {
    d = document.getElementsByTagName('div');
    for (i = 0; i < d.length; i++) {
      if (d[i].className == 'log') {
        flip(d[i]);
      }
    }
  }
}

// -->
</script>

</head>
<body>
<h2 align='center'>Awards</h2><table border='1' align="center">
<tr>
<td>Tests passed/Failed/Skipped:</td><td>1/2/0</td>
</tr><tr>
<td>Started on:</td><td>Fri Nov 10 09:51:06 IST 2017</td>
</tr>
<tr><td>Total time:</td><td>198 seconds (198634 ms)</td>
</tr><tr>
<td>Included groups:</td><td></td>
</tr><tr>
<td>Excluded groups:</td><td></td>
</tr>
</table><p/>
<small><i>(Hover the method name to see the test class name)</i></small><p/>
<table width='100%' border='1' class='invocation-failed'>
<tr><td colspan='4' align='center'><b>FAILED CONFIGURATIONS</b></td></tr>
<tr><td><b>Test method</b></td>
<td width="30%"><b>Exception</b></td>
<td width="10%"><b>Time (seconds)</b></td>
<td><b>Instance</b></td>
</tr>
<tr>
<td title='com.rsi.kma.automation.testScripts.Regression.Overview.teardown()'><b>teardown</b><br>Test class: com.rsi.kma.automation.testScripts.Regression.Overview<br/>
<a href="#Output-207546206" onClick='toggleBox("Output-207546206", this, "Show output", "Hide output");'>Show output</a>

<a href="#Output-207546206" onClick="toggleAllBoxes();">Show all outputs</a>
<div class='log' id="Output-207546206">
logout is not found on Overview Page activity<br/>
Log out is not present on the Overview activity<br/>
</div>
</td>
<td><div><pre>java.lang.AssertionError: Log out is not present on the Overview activity
	at org.junit.Assert.fail(Assert.java:88)
	at com.rsi.kma.automation.modules.ActionModule.isDisplayed(ActionModule.java:67)
	at com.rsi.kma.automation.modules.ActionModule.click(ActionModule.java:19)
	at com.rsi.kma.automation.utility.Utils.logout(Utils.java:495)
	at com.rsi.kma.automation.utility.BaseClass.teardown(BaseClass.java:89)
... Removed 25 stack frames</pre></div><a href='#' onClick='toggleBox("stack-trace207546206", this, "Click to show all stack frames", "Click to hide stack frames")'>Click to show all stack frames</a>
<div class='stack-trace' id='stack-trace207546206'><pre>java.lang.AssertionError: Log out is not present on the Overview activity
	at org.junit.Assert.fail(Assert.java:88)
	at com.rsi.kma.automation.modules.ActionModule.isDisplayed(ActionModule.java:67)
	at com.rsi.kma.automation.modules.ActionModule.click(ActionModule.java:19)
	at com.rsi.kma.automation.utility.Utils.logout(Utils.java:495)
	at com.rsi.kma.automation.utility.BaseClass.teardown(BaseClass.java:89)
	at sun.reflect.NativeMethodAccessorImpl.invoke0(Native Method)
	at sun.reflect.NativeMethodAccessorImpl.invoke(NativeMethodAccessorImpl.java:62)
	at sun.reflect.DelegatingMethodAccessorImpl.invoke(DelegatingMethodAccessorImpl.java:43)
	at java.lang.reflect.Method.invoke(Method.java:497)
	at org.testng.internal.MethodInvocationHelper.invokeMethod(MethodInvocationHelper.java:108)
	at org.testng.internal.Invoker.invokeConfigurationMethod(Invoker.java:523)
	at org.testng.internal.Invoker.invokeConfigurations(Invoker.java:224)
	at org.testng.internal.Invoker.invokeConfigurations(Invoker.java:146)
	at org.testng.internal.TestMethodWorker.invokeAfterClassMethods(TestMethodWorker.java:212)
	at org.testng.internal.TestMethodWorker.run(TestMethodWorker.java:112)
	at org.testng.TestRunner.privateRun(TestRunner.java:744)
	at org.testng.TestRunner.run(TestRunner.java:602)
	at org.testng.SuiteRunner.runTest(SuiteRunner.java:380)
	at org.testng.SuiteRunner.runSequentially(SuiteRunner.java:375)
	at org.testng.SuiteRunner.privateRun(SuiteRunner.java:340)
	at org.testng.SuiteRunner.run(SuiteRunner.java:289)
	at org.testng.SuiteRunnerWorker.runSuite(SuiteRunnerWorker.java:52)
	at org.testng.SuiteRunnerWorker.run(SuiteRunnerWorker.java:86)
	at org.testng.TestNG.runSuitesSequentially(TestNG.java:1301)
	at org.testng.TestNG.runSuitesLocally(TestNG.java:1226)
	at org.testng.TestNG.runSuites(TestNG.java:1144)
	at org.testng.TestNG.run(TestNG.java:1115)
	at org.testng.remote.AbstractRemoteTestNG.run(AbstractRemoteTestNG.java:132)
	at org.testng.remote.RemoteTestNG.initAndRun(RemoteTestNG.java:230)
	at org.testng.remote.RemoteTestNG.main(RemoteTestNG.java:76)
</pre></div></td>
<td>0</td>
<td>com.rsi.kma.automation.testScripts.Regression.Overview@59fa1d9b</td></tr>
<tr>
<td title='com.rsi.kma.automation.testScripts.Regression.MyVehicles.teardown()'><b>teardown</b><br>Test class: com.rsi.kma.automation.testScripts.Regression.MyVehicles<br/>
<a href="#Output-1316005672" onClick='toggleBox("Output-1316005672", this, "Show output", "Hide output");'>Show output</a>

<a href="#Output-1316005672" onClick="toggleAllBoxes();">Show all outputs</a>
<div class='log' id="Output-1316005672">
logout is not found on Overview Page activity<br/>
Log out is not present on the Overview activity<br/>
</div>
</td>
<td><div><pre>java.lang.AssertionError: Log out is not present on the Overview activity
	at org.junit.Assert.fail(Assert.java:88)
	at com.rsi.kma.automation.modules.ActionModule.isDisplayed(ActionModule.java:67)
	at com.rsi.kma.automation.modules.ActionModule.click(ActionModule.java:19)
	at com.rsi.kma.automation.utility.Utils.logout(Utils.java:495)
	at com.rsi.kma.automation.utility.BaseClass.teardown(BaseClass.java:89)
... Removed 25 stack frames</pre></div><a href='#' onClick='toggleBox("stack-trace1316005672", this, "Click to show all stack frames", "Click to hide stack frames")'>Click to show all stack frames</a>
<div class='stack-trace' id='stack-trace1316005672'><pre>java.lang.AssertionError: Log out is not present on the Overview activity
	at org.junit.Assert.fail(Assert.java:88)
	at com.rsi.kma.automation.modules.ActionModule.isDisplayed(ActionModule.java:67)
	at com.rsi.kma.automation.modules.ActionModule.click(ActionModule.java:19)
	at com.rsi.kma.automation.utility.Utils.logout(Utils.java:495)
	at com.rsi.kma.automation.utility.BaseClass.teardown(BaseClass.java:89)
	at sun.reflect.NativeMethodAccessorImpl.invoke0(Native Method)
	at sun.reflect.NativeMethodAccessorImpl.invoke(NativeMethodAccessorImpl.java:62)
	at sun.reflect.DelegatingMethodAccessorImpl.invoke(DelegatingMethodAccessorImpl.java:43)
	at java.lang.reflect.Method.invoke(Method.java:497)
	at org.testng.internal.MethodInvocationHelper.invokeMethod(MethodInvocationHelper.java:108)
	at org.testng.internal.Invoker.invokeConfigurationMethod(Invoker.java:523)
	at org.testng.internal.Invoker.invokeConfigurations(Invoker.java:224)
	at org.testng.internal.Invoker.invokeConfigurations(Invoker.java:146)
	at org.testng.internal.TestMethodWorker.invokeAfterClassMethods(TestMethodWorker.java:212)
	at org.testng.internal.TestMethodWorker.run(TestMethodWorker.java:112)
	at org.testng.TestRunner.privateRun(TestRunner.java:744)
	at org.testng.TestRunner.run(TestRunner.java:602)
	at org.testng.SuiteRunner.runTest(SuiteRunner.java:380)
	at org.testng.SuiteRunner.runSequentially(SuiteRunner.java:375)
	at org.testng.SuiteRunner.privateRun(SuiteRunner.java:340)
	at org.testng.SuiteRunner.run(SuiteRunner.java:289)
	at org.testng.SuiteRunnerWorker.runSuite(SuiteRunnerWorker.java:52)
	at org.testng.SuiteRunnerWorker.run(SuiteRunnerWorker.java:86)
	at org.testng.TestNG.runSuitesSequentially(TestNG.java:1301)
	at org.testng.TestNG.runSuitesLocally(TestNG.java:1226)
	at org.testng.TestNG.runSuites(TestNG.java:1144)
	at org.testng.TestNG.run(TestNG.java:1115)
	at org.testng.remote.AbstractRemoteTestNG.run(AbstractRemoteTestNG.java:132)
	at org.testng.remote.RemoteTestNG.initAndRun(RemoteTestNG.java:230)
	at org.testng.remote.RemoteTestNG.main(RemoteTestNG.java:76)
</pre></div></td>
<td>0</td>
<td>com.rsi.kma.automation.testScripts.Regression.MyVehicles@224edc67</td></tr>
</table><p>
<table width='100%' border='1' class='invocation-failed'>
<tr><td colspan='4' align='center'><b>FAILED TESTS</b></td></tr>
<tr><td><b>Test method</b></td>
<td width="30%"><b>Exception</b></td>
<td width="10%"><b>Time (seconds)</b></td>
<td><b>Instance</b></td>
</tr>
<tr>
<td title='com.rsi.kma.automation.testScripts.Regression.MyVehicles.changeNickname()'><b>changeNickname</b><br>Test class: com.rsi.kma.automation.testScripts.Regression.MyVehicles<br>Test method: TC_001<br/>
<a href="#Output-191945292" onClick='toggleBox("Output-191945292", this, "Show output", "Hide output");'>Show output</a>

<a href="#Output-191945292" onClick="toggleAllBoxes();">Show all outputs</a>
<div class='log' id="Output-191945292">
manageButton is not found on  VehiclePage <br/>
manage is not present on the vehicle Box activity<br/>
</div>
</td>
<td><div><pre>java.lang.AssertionError: manage is not present on the vehicle Box activity
	at org.junit.Assert.fail(Assert.java:88)
	at com.rsi.kma.automation.modules.ActionModule.isDisplayed(ActionModule.java:67)
	at com.rsi.kma.automation.modules.ActionModule.click(ActionModule.java:19)
	at com.rsi.kma.automation.modules.MyVehicleModule.changeVehiclename(MyVehicleModule.java:35)
	at com.rsi.kma.automation.testScripts.Regression.MyVehicles.changeNickname(MyVehicles.java:44)
... Removed 25 stack frames</pre></div><a href='#' onClick='toggleBox("stack-trace191945292", this, "Click to show all stack frames", "Click to hide stack frames")'>Click to show all stack frames</a>
<div class='stack-trace' id='stack-trace191945292'><pre>java.lang.AssertionError: manage is not present on the vehicle Box activity
	at org.junit.Assert.fail(Assert.java:88)
	at com.rsi.kma.automation.modules.ActionModule.isDisplayed(ActionModule.java:67)
	at com.rsi.kma.automation.modules.ActionModule.click(ActionModule.java:19)
	at com.rsi.kma.automation.modules.MyVehicleModule.changeVehiclename(MyVehicleModule.java:35)
	at com.rsi.kma.automation.testScripts.Regression.MyVehicles.changeNickname(MyVehicles.java:44)
	at sun.reflect.NativeMethodAccessorImpl.invoke0(Native Method)
	at sun.reflect.NativeMethodAccessorImpl.invoke(NativeMethodAccessorImpl.java:62)
	at sun.reflect.DelegatingMethodAccessorImpl.invoke(DelegatingMethodAccessorImpl.java:43)
	at java.lang.reflect.Method.invoke(Method.java:497)
	at org.testng.internal.MethodInvocationHelper.invokeMethod(MethodInvocationHelper.java:108)
	at org.testng.internal.Invoker.invokeMethod(Invoker.java:661)
	at org.testng.internal.Invoker.invokeTestMethod(Invoker.java:869)
	at org.testng.internal.Invoker.invokeTestMethods(Invoker.java:1193)
	at org.testng.internal.TestMethodWorker.invokeTestMethods(TestMethodWorker.java:126)
	at org.testng.internal.TestMethodWorker.run(TestMethodWorker.java:109)
	at org.testng.TestRunner.privateRun(TestRunner.java:744)
	at org.testng.TestRunner.run(TestRunner.java:602)
	at org.testng.SuiteRunner.runTest(SuiteRunner.java:380)
	at org.testng.SuiteRunner.runSequentially(SuiteRunner.java:375)
	at org.testng.SuiteRunner.privateRun(SuiteRunner.java:340)
	at org.testng.SuiteRunner.run(SuiteRunner.java:289)
	at org.testng.SuiteRunnerWorker.runSuite(SuiteRunnerWorker.java:52)
	at org.testng.SuiteRunnerWorker.run(SuiteRunnerWorker.java:86)
	at org.testng.TestNG.runSuitesSequentially(TestNG.java:1301)
	at org.testng.TestNG.runSuitesLocally(TestNG.java:1226)
	at org.testng.TestNG.runSuites(TestNG.java:1144)
	at org.testng.TestNG.run(TestNG.java:1115)
	at org.testng.remote.AbstractRemoteTestNG.run(AbstractRemoteTestNG.java:132)
	at org.testng.remote.RemoteTestNG.initAndRun(RemoteTestNG.java:230)
	at org.testng.remote.RemoteTestNG.main(RemoteTestNG.java:76)
</pre></div></td>
<td>0</td>
<td>com.rsi.kma.automation.testScripts.Regression.MyVehicles@224edc67</td></tr>
<tr>
<td title='com.rsi.kma.automation.testScripts.Regression.Overview.login()'><b>login</b><br>Test class: com.rsi.kma.automation.testScripts.Regression.Overview<br>Test method: TS_01<br/>
<a href="#Output-350069300" onClick='toggleBox("Output-350069300", this, "Show output", "Hide output");'>Show output</a>

<a href="#Output-350069300" onClick="toggleAllBoxes();">Show all outputs</a>
<div class='log' id="Output-350069300">
Username is not found on login form  activity<br/>
Username is not present on the Login Page activity<br/>
</div>
</td>
<td><div><pre>java.lang.AssertionError: Username is not present on the Login Page activity
	at org.junit.Assert.fail(Assert.java:88)
	at com.rsi.kma.automation.modules.ActionModule.isDisplayed(ActionModule.java:67)
	at com.rsi.kma.automation.modules.ActionModule.sendKeys(ActionModule.java:39)
	at com.rsi.kma.automation.modules.LoginModule.login(LoginModule.java:17)
	at com.rsi.kma.automation.modules.OverviewModule.NavigateToOverviewPage(OverviewModule.java:14)
	at com.rsi.kma.automation.testScripts.Regression.Overview.login(Overview.java:25)
... Removed 25 stack frames</pre></div><a href='#' onClick='toggleBox("stack-trace350069300", this, "Click to show all stack frames", "Click to hide stack frames")'>Click to show all stack frames</a>
<div class='stack-trace' id='stack-trace350069300'><pre>java.lang.AssertionError: Username is not present on the Login Page activity
	at org.junit.Assert.fail(Assert.java:88)
	at com.rsi.kma.automation.modules.ActionModule.isDisplayed(ActionModule.java:67)
	at com.rsi.kma.automation.modules.ActionModule.sendKeys(ActionModule.java:39)
	at com.rsi.kma.automation.modules.LoginModule.login(LoginModule.java:17)
	at com.rsi.kma.automation.modules.OverviewModule.NavigateToOverviewPage(OverviewModule.java:14)
	at com.rsi.kma.automation.testScripts.Regression.Overview.login(Overview.java:25)
	at sun.reflect.NativeMethodAccessorImpl.invoke0(Native Method)
	at sun.reflect.NativeMethodAccessorImpl.invoke(NativeMethodAccessorImpl.java:62)
	at sun.reflect.DelegatingMethodAccessorImpl.invoke(DelegatingMethodAccessorImpl.java:43)
	at java.lang.reflect.Method.invoke(Method.java:497)
	at org.testng.internal.MethodInvocationHelper.invokeMethod(MethodInvocationHelper.java:108)
	at org.testng.internal.Invoker.invokeMethod(Invoker.java:661)
	at org.testng.internal.Invoker.invokeTestMethod(Invoker.java:869)
	at org.testng.internal.Invoker.invokeTestMethods(Invoker.java:1193)
	at org.testng.internal.TestMethodWorker.invokeTestMethods(TestMethodWorker.java:126)
	at org.testng.internal.TestMethodWorker.run(TestMethodWorker.java:109)
	at org.testng.TestRunner.privateRun(TestRunner.java:744)
	at org.testng.TestRunner.run(TestRunner.java:602)
	at org.testng.SuiteRunner.runTest(SuiteRunner.java:380)
	at org.testng.SuiteRunner.runSequentially(SuiteRunner.java:375)
	at org.testng.SuiteRunner.privateRun(SuiteRunner.java:340)
	at org.testng.SuiteRunner.run(SuiteRunner.java:289)
	at org.testng.SuiteRunnerWorker.runSuite(SuiteRunnerWorker.java:52)
	at org.testng.SuiteRunnerWorker.run(SuiteRunnerWorker.java:86)
	at org.testng.TestNG.runSuitesSequentially(TestNG.java:1301)
	at org.testng.TestNG.runSuitesLocally(TestNG.java:1226)
	at org.testng.TestNG.runSuites(TestNG.java:1144)
	at org.testng.TestNG.run(TestNG.java:1115)
	at org.testng.remote.AbstractRemoteTestNG.run(AbstractRemoteTestNG.java:132)
	at org.testng.remote.RemoteTestNG.initAndRun(RemoteTestNG.java:230)
	at org.testng.remote.RemoteTestNG.main(RemoteTestNG.java:76)
</pre></div></td>
<td>0</td>
<td>com.rsi.kma.automation.testScripts.Regression.Overview@59fa1d9b</td></tr>
</table><p>
<table width='100%' border='1' class='invocation-passed'>
<tr><td colspan='4' align='center'><b>PASSED TESTS</b></td></tr>
<tr><td><b>Test method</b></td>
<td width="30%"><b>Exception</b></td>
<td width="10%"><b>Time (seconds)</b></td>
<td><b>Instance</b></td>
</tr>
<tr>
<td title='com.rsi.kma.automation.testScripts.Regression.MyVehicles.login()'><b>login</b><br>Test class: com.rsi.kma.automation.testScripts.Regression.MyVehicles<br>Test method: TS_01</td>
<td></td>
<td>103</td>
<td>com.rsi.kma.automation.testScripts.Regression.MyVehicles@224edc67</td></tr>
</table><p>
</body>
</html>