<?xml version="1.0" encoding="UTF-8"?>
<!-- Generated by org.testng.reporters.JUnitXMLReporter -->
<testsuite hostname="C40FF62PC" ignored="3" name="POC" tests="4" failures="1" timestamp="10 Nov 2017 06:46:25 GMT" time="210.934" errors="0">
  <testcase name="loginMyVehicles" time="85.646" classname="com.rsi.kma.automation.testScripts.Regression.MyVehicles"/>
  <testcase name="checkVIN" time="44.6" classname="com.rsi.kma.automation.testScripts.Regression.MyVehicles"/>
  <testcase name="loginOverview" time="70.39" classname="com.rsi.kma.automation.testScripts.Regression.Overview"/>
  <testcase name="checkSupportLink" time="0.058" classname="com.rsi.kma.automation.testScripts.Regression.Overview">
    <failure type="java.lang.AssertionError" message="Support link is not displayed on the Overview activity">
      <![CDATA[java.lang.AssertionError: Support link is not displayed on the Overview activity
	at org.junit.Assert.fail(Assert.java:88)
	at com.rsi.kma.automation.modules.ActionModule.isDisplayed(ActionModule.java:59)
	at com.rsi.kma.automation.modules.ActionModule.click(ActionModule.java:19)
	at com.rsi.kma.automation.modules.OverviewModule.checkSupport(OverviewModule.java:24)
	at com.rsi.kma.automation.testScripts.Regression.Overview.checkSupportLink(Overview.java:48)
... Removed 25 stack frames]]>
    </failure>
  </testcase> <!-- checkSupportLink -->
  <testcase name="changeNickname" time="0.0" classname="com.rsi.kma.automation.testScripts.Regression.MyVehicles">
    <ignored/>
  </testcase> <!-- changeNickname -->
  <testcase name="@AfterSuite tearDown" time="0.0" classname="com.rsi.kma.automation.utility.BaseClass">
    <ignored/>
  </testcase> <!-- @AfterSuite tearDown -->
  <testcase name="@BeforeSuite setUp" time="0.0" classname="com.rsi.kma.automation.utility.BaseClass">
    <ignored/>
  </testcase> <!-- @BeforeSuite setUp -->
</testsuite> <!-- POC -->
