<html>
<head>
<title>TestNG:  Testing random</title>
<link href="../testng.css" rel="stylesheet" type="text/css" />
<link href="../my-testng.css" rel="stylesheet" type="text/css" />

<style type="text/css">
.log { display: none;} 
.stack-trace { display: none;} 
</style>
<script type="text/javascript">
<!--
function flip(e) {
  current = e.style.display;
  if (current == 'block') {
    e.style.display = 'none';
    return 0;
  }
  else {
    e.style.display = 'block';
    return 1;
  }
}

function toggleBox(szDivId, elem, msg1, msg2)
{
  var res = -1;  if (document.getElementById) {
    res = flip(document.getElementById(szDivId));
  }
  else if (document.all) {
    // this is the way old msie versions work
    res = flip(document.all[szDivId]);
  }
  if(elem) {
    if(res == 0) elem.innerHTML = msg1; else elem.innerHTML = msg2;
  }

}

function toggleAllBoxes() {
  if (document.getElementsByTagName) {
    d = document.getElementsByTagName('div');
    for (i = 0; i < d.length; i++) {
      if (d[i].className == 'log') {
        flip(d[i]);
      }
    }
  }
}

// -->
</script>

</head>
<body>
<h2 align='center'>Testing random</h2><table border='1' align="center">
<tr>
<td>Tests passed/Failed/Skipped:</td><td>0/4/0</td>
</tr><tr>
<td>Started on:</td><td>Mon May 28 15:59:35 IST 2018</td>
</tr>
<tr><td>Total time:</td><td>376 seconds (376971 ms)</td>
</tr><tr>
<td>Included groups:</td><td></td>
</tr><tr>
<td>Excluded groups:</td><td></td>
</tr>
</table><p/>
<small><i>(Hover the method name to see the test class name)</i></small><p/>
<table width='100%' border='1' class='invocation-failed'>
<tr><td colspan='4' align='center'><b>FAILED TESTS</b></td></tr>
<tr><td><b>Test method</b></td>
<td width="30%"><b>Exception</b></td>
<td width="10%"><b>Time (seconds)</b></td>
<td><b>Instance</b></td>
</tr>
<tr>
<td title='com.rsi.kma.automation.testScripts.Regression.LockUnlock.lockDoors()'><b>lockDoors</b><br>Test class: com.rsi.kma.automation.testScripts.Regression.LockUnlock<br>Test method: TS_02<br/>
<a href="#Output-1317375498" onClick='toggleBox("Output-1317375498", this, "Show output", "Hide output");'>Show output</a>

<a href="#Output-1317375498" onClick="toggleAllBoxes();">Show all outputs</a>
<div class='log' id="Output-1317375498">
logOutLink is not found on Header page activity<br/>
 addVehicle  is not found on  My vehicles activity<br/>
Request timeout.Login failed.User could not land on My Vehicle page<br/>
<br /><br />Screenshot<br /><img width="800" height="800" src="file:///D:\KMA\SDLC\Source Code\KMA_Trunk\Screenshots\LockUnlock\lockDoors..jpg" alt="Screenshot"/><br /><br /><br/>
</div>
</td>
<td><div><pre>java.lang.AssertionError: Request timeout.Login failed.User could not land on My Vehicle page
	at com.rsi.kma.automation.modules.LoginModule.login(LoginModule.java:51)
	at com.rsi.kma.automation.modules.OverviewModule.NavigateToOverviewPage(OverviewModule.java:47)
	at com.rsi.kma.automation.modules.LockUnlockModule.NavigateToLockUnlockPage(LockUnlockModule.java:31)
	at com.rsi.kma.automation.testScripts.Regression.LockUnlock.lockDoors(LockUnlock.java:73)
... Removed 26 stack frames</pre></div><a href='#' onClick='toggleBox("stack-trace1317375498", this, "Click to show all stack frames", "Click to hide stack frames")'>Click to show all stack frames</a>
<div class='stack-trace' id='stack-trace1317375498'><pre>java.lang.AssertionError: Request timeout.Login failed.User could not land on My Vehicle page
	at org.testng.Assert.fail(Assert.java:96)
	at com.rsi.kma.automation.modules.LoginModule.login(LoginModule.java:51)
	at com.rsi.kma.automation.modules.OverviewModule.NavigateToOverviewPage(OverviewModule.java:47)
	at com.rsi.kma.automation.modules.LockUnlockModule.NavigateToLockUnlockPage(LockUnlockModule.java:31)
	at com.rsi.kma.automation.testScripts.Regression.LockUnlock.lockDoors(LockUnlock.java:73)
	at sun.reflect.NativeMethodAccessorImpl.invoke0(Native Method)
	at sun.reflect.NativeMethodAccessorImpl.invoke(NativeMethodAccessorImpl.java:62)
	at sun.reflect.DelegatingMethodAccessorImpl.invoke(DelegatingMethodAccessorImpl.java:43)
	at java.lang.reflect.Method.invoke(Method.java:497)
	at org.testng.internal.MethodInvocationHelper.invokeMethod(MethodInvocationHelper.java:124)
	at org.testng.internal.Invoker.invokeMethod(Invoker.java:571)
	at org.testng.internal.Invoker.invokeTestMethod(Invoker.java:707)
	at org.testng.internal.Invoker.invokeTestMethods(Invoker.java:979)
	at org.testng.internal.TestMethodWorker.invokeTestMethods(TestMethodWorker.java:125)
	at org.testng.internal.TestMethodWorker.run(TestMethodWorker.java:109)
	at org.testng.TestRunner.privateRun(TestRunner.java:648)
	at org.testng.TestRunner.run(TestRunner.java:505)
	at org.testng.SuiteRunner.runTest(SuiteRunner.java:455)
	at org.testng.SuiteRunner.runSequentially(SuiteRunner.java:450)
	at org.testng.SuiteRunner.privateRun(SuiteRunner.java:415)
	at org.testng.SuiteRunner.run(SuiteRunner.java:364)
	at org.testng.SuiteRunnerWorker.runSuite(SuiteRunnerWorker.java:52)
	at org.testng.SuiteRunnerWorker.run(SuiteRunnerWorker.java:84)
	at org.testng.TestNG.runSuitesSequentially(TestNG.java:1187)
	at org.testng.TestNG.runSuitesLocally(TestNG.java:1116)
	at org.testng.TestNG.runSuites(TestNG.java:1028)
	at org.testng.TestNG.run(TestNG.java:996)
	at org.testng.remote.AbstractRemoteTestNG.run(AbstractRemoteTestNG.java:114)
	at org.testng.remote.RemoteTestNG.initAndRun(RemoteTestNG.java:251)
	at org.testng.remote.RemoteTestNG.main(RemoteTestNG.java:77)
</pre></div></td>
<td>71</td>
<td>com.rsi.kma.automation.testScripts.Regression.LockUnlock@6b57696f</td></tr>
<tr>
<td title='com.rsi.kma.automation.testScripts.Regression.LockUnlock.lockDoorsEV1()'><b>lockDoorsEV1</b><br>Test class: com.rsi.kma.automation.testScripts.Regression.LockUnlock<br>Test method: TS_02a<br/>
<a href="#Output-552674617" onClick='toggleBox("Output-552674617", this, "Show output", "Hide output");'>Show output</a>

<a href="#Output-552674617" onClick="toggleAllBoxes();">Show all outputs</a>
<div class='log' id="Output-552674617">
logOutLink is not found on Header page activity<br/>
 addVehicle  is not found on  My vehicles activity<br/>
Request timeout.Login failed.User could not land on My Vehicle page<br/>
<br /><br />Screenshot<br /><img width="800" height="800" src="file:///D:\KMA\SDLC\Source Code\KMA_Trunk\Screenshots\LockUnlock\lockDoorsEV1..jpg" alt="Screenshot"/><br /><br /><br/>
</div>
</td>
<td><div><pre>java.lang.AssertionError: Request timeout.Login failed.User could not land on My Vehicle page
	at com.rsi.kma.automation.modules.LoginModule.login(LoginModule.java:51)
	at com.rsi.kma.automation.modules.OverviewModule.NavigateToOverviewPage(OverviewModule.java:47)
	at com.rsi.kma.automation.modules.LockUnlockModule.NavigateToLockUnlockPage(LockUnlockModule.java:31)
	at com.rsi.kma.automation.testScripts.Regression.LockUnlock.lockDoorsEV1(LockUnlock.java:43)
... Removed 26 stack frames</pre></div><a href='#' onClick='toggleBox("stack-trace552674617", this, "Click to show all stack frames", "Click to hide stack frames")'>Click to show all stack frames</a>
<div class='stack-trace' id='stack-trace552674617'><pre>java.lang.AssertionError: Request timeout.Login failed.User could not land on My Vehicle page
	at org.testng.Assert.fail(Assert.java:96)
	at com.rsi.kma.automation.modules.LoginModule.login(LoginModule.java:51)
	at com.rsi.kma.automation.modules.OverviewModule.NavigateToOverviewPage(OverviewModule.java:47)
	at com.rsi.kma.automation.modules.LockUnlockModule.NavigateToLockUnlockPage(LockUnlockModule.java:31)
	at com.rsi.kma.automation.testScripts.Regression.LockUnlock.lockDoorsEV1(LockUnlock.java:43)
	at sun.reflect.NativeMethodAccessorImpl.invoke0(Native Method)
	at sun.reflect.NativeMethodAccessorImpl.invoke(NativeMethodAccessorImpl.java:62)
	at sun.reflect.DelegatingMethodAccessorImpl.invoke(DelegatingMethodAccessorImpl.java:43)
	at java.lang.reflect.Method.invoke(Method.java:497)
	at org.testng.internal.MethodInvocationHelper.invokeMethod(MethodInvocationHelper.java:124)
	at org.testng.internal.Invoker.invokeMethod(Invoker.java:571)
	at org.testng.internal.Invoker.invokeTestMethod(Invoker.java:707)
	at org.testng.internal.Invoker.invokeTestMethods(Invoker.java:979)
	at org.testng.internal.TestMethodWorker.invokeTestMethods(TestMethodWorker.java:125)
	at org.testng.internal.TestMethodWorker.run(TestMethodWorker.java:109)
	at org.testng.TestRunner.privateRun(TestRunner.java:648)
	at org.testng.TestRunner.run(TestRunner.java:505)
	at org.testng.SuiteRunner.runTest(SuiteRunner.java:455)
	at org.testng.SuiteRunner.runSequentially(SuiteRunner.java:450)
	at org.testng.SuiteRunner.privateRun(SuiteRunner.java:415)
	at org.testng.SuiteRunner.run(SuiteRunner.java:364)
	at org.testng.SuiteRunnerWorker.runSuite(SuiteRunnerWorker.java:52)
	at org.testng.SuiteRunnerWorker.run(SuiteRunnerWorker.java:84)
	at org.testng.TestNG.runSuitesSequentially(TestNG.java:1187)
	at org.testng.TestNG.runSuitesLocally(TestNG.java:1116)
	at org.testng.TestNG.runSuites(TestNG.java:1028)
	at org.testng.TestNG.run(TestNG.java:996)
	at org.testng.remote.AbstractRemoteTestNG.run(AbstractRemoteTestNG.java:114)
	at org.testng.remote.RemoteTestNG.initAndRun(RemoteTestNG.java:251)
	at org.testng.remote.RemoteTestNG.main(RemoteTestNG.java:77)
</pre></div></td>
<td>70</td>
<td>com.rsi.kma.automation.testScripts.Regression.LockUnlock@6b57696f</td></tr>
<tr>
<td title='com.rsi.kma.automation.testScripts.Regression.LockUnlock.unlockDoors()'><b>unlockDoors</b><br>Test class: com.rsi.kma.automation.testScripts.Regression.LockUnlock<br>Test method: TS_01<br/>
<a href="#Output-2116179210" onClick='toggleBox("Output-2116179210", this, "Show output", "Hide output");'>Show output</a>

<a href="#Output-2116179210" onClick="toggleAllBoxes();">Show all outputs</a>
<div class='log' id="Output-2116179210">
logOutLink is not found on Header page activity<br/>
 addVehicle  is not found on  My vehicles activity<br/>
Request timeout.Login failed.User could not land on My Vehicle page<br/>
<br /><br />Screenshot<br /><img width="800" height="800" src="file:///D:\KMA\SDLC\Source Code\KMA_Trunk\Screenshots\LockUnlock\unlockDoors..jpg" alt="Screenshot"/><br /><br /><br/>
</div>
</td>
<td><div><pre>java.lang.AssertionError: Request timeout.Login failed.User could not land on My Vehicle page
	at com.rsi.kma.automation.modules.LoginModule.login(LoginModule.java:51)
	at com.rsi.kma.automation.modules.OverviewModule.NavigateToOverviewPage(OverviewModule.java:47)
	at com.rsi.kma.automation.modules.LockUnlockModule.NavigateToLockUnlockPage(LockUnlockModule.java:31)
	at com.rsi.kma.automation.testScripts.Regression.LockUnlock.unlockDoors(LockUnlock.java:57)
... Removed 26 stack frames</pre></div><a href='#' onClick='toggleBox("stack-trace2116179210", this, "Click to show all stack frames", "Click to hide stack frames")'>Click to show all stack frames</a>
<div class='stack-trace' id='stack-trace2116179210'><pre>java.lang.AssertionError: Request timeout.Login failed.User could not land on My Vehicle page
	at org.testng.Assert.fail(Assert.java:96)
	at com.rsi.kma.automation.modules.LoginModule.login(LoginModule.java:51)
	at com.rsi.kma.automation.modules.OverviewModule.NavigateToOverviewPage(OverviewModule.java:47)
	at com.rsi.kma.automation.modules.LockUnlockModule.NavigateToLockUnlockPage(LockUnlockModule.java:31)
	at com.rsi.kma.automation.testScripts.Regression.LockUnlock.unlockDoors(LockUnlock.java:57)
	at sun.reflect.NativeMethodAccessorImpl.invoke0(Native Method)
	at sun.reflect.NativeMethodAccessorImpl.invoke(NativeMethodAccessorImpl.java:62)
	at sun.reflect.DelegatingMethodAccessorImpl.invoke(DelegatingMethodAccessorImpl.java:43)
	at java.lang.reflect.Method.invoke(Method.java:497)
	at org.testng.internal.MethodInvocationHelper.invokeMethod(MethodInvocationHelper.java:124)
	at org.testng.internal.Invoker.invokeMethod(Invoker.java:571)
	at org.testng.internal.Invoker.invokeTestMethod(Invoker.java:707)
	at org.testng.internal.Invoker.invokeTestMethods(Invoker.java:979)
	at org.testng.internal.TestMethodWorker.invokeTestMethods(TestMethodWorker.java:125)
	at org.testng.internal.TestMethodWorker.run(TestMethodWorker.java:109)
	at org.testng.TestRunner.privateRun(TestRunner.java:648)
	at org.testng.TestRunner.run(TestRunner.java:505)
	at org.testng.SuiteRunner.runTest(SuiteRunner.java:455)
	at org.testng.SuiteRunner.runSequentially(SuiteRunner.java:450)
	at org.testng.SuiteRunner.privateRun(SuiteRunner.java:415)
	at org.testng.SuiteRunner.run(SuiteRunner.java:364)
	at org.testng.SuiteRunnerWorker.runSuite(SuiteRunnerWorker.java:52)
	at org.testng.SuiteRunnerWorker.run(SuiteRunnerWorker.java:84)
	at org.testng.TestNG.runSuitesSequentially(TestNG.java:1187)
	at org.testng.TestNG.runSuitesLocally(TestNG.java:1116)
	at org.testng.TestNG.runSuites(TestNG.java:1028)
	at org.testng.TestNG.run(TestNG.java:996)
	at org.testng.remote.AbstractRemoteTestNG.run(AbstractRemoteTestNG.java:114)
	at org.testng.remote.RemoteTestNG.initAndRun(RemoteTestNG.java:251)
	at org.testng.remote.RemoteTestNG.main(RemoteTestNG.java:77)
</pre></div></td>
<td>70</td>
<td>com.rsi.kma.automation.testScripts.Regression.LockUnlock@6b57696f</td></tr>
<tr>
<td title='com.rsi.kma.automation.testScripts.Regression.LockUnlock.unlockDoorsEV1()'><b>unlockDoorsEV1</b><br>Test class: com.rsi.kma.automation.testScripts.Regression.LockUnlock<br>Test method: TS_01a<br/>
<a href="#Output-1047934137" onClick='toggleBox("Output-1047934137", this, "Show output", "Hide output");'>Show output</a>

<a href="#Output-1047934137" onClick="toggleAllBoxes();">Show all outputs</a>
<div class='log' id="Output-1047934137">
logOutLink is not found on Header page activity<br/>
 addVehicle  is not found on  My vehicles activity<br/>
Request timeout.Login failed.User could not land on My Vehicle page<br/>
<br /><br />Screenshot<br /><img width="800" height="800" src="file:///D:\KMA\SDLC\Source Code\KMA_Trunk\Screenshots\LockUnlock\unlockDoorsEV1..jpg" alt="Screenshot"/><br /><br /><br/>
</div>
</td>
<td><div><pre>java.lang.AssertionError: Request timeout.Login failed.User could not land on My Vehicle page
	at com.rsi.kma.automation.modules.LoginModule.login(LoginModule.java:51)
	at com.rsi.kma.automation.modules.OverviewModule.NavigateToOverviewPage(OverviewModule.java:47)
	at com.rsi.kma.automation.modules.LockUnlockModule.NavigateToLockUnlockPage(LockUnlockModule.java:31)
	at com.rsi.kma.automation.testScripts.Regression.LockUnlock.unlockDoorsEV1(LockUnlock.java:29)
... Removed 26 stack frames</pre></div><a href='#' onClick='toggleBox("stack-trace1047934137", this, "Click to show all stack frames", "Click to hide stack frames")'>Click to show all stack frames</a>
<div class='stack-trace' id='stack-trace1047934137'><pre>java.lang.AssertionError: Request timeout.Login failed.User could not land on My Vehicle page
	at org.testng.Assert.fail(Assert.java:96)
	at com.rsi.kma.automation.modules.LoginModule.login(LoginModule.java:51)
	at com.rsi.kma.automation.modules.OverviewModule.NavigateToOverviewPage(OverviewModule.java:47)
	at com.rsi.kma.automation.modules.LockUnlockModule.NavigateToLockUnlockPage(LockUnlockModule.java:31)
	at com.rsi.kma.automation.testScripts.Regression.LockUnlock.unlockDoorsEV1(LockUnlock.java:29)
	at sun.reflect.NativeMethodAccessorImpl.invoke0(Native Method)
	at sun.reflect.NativeMethodAccessorImpl.invoke(NativeMethodAccessorImpl.java:62)
	at sun.reflect.DelegatingMethodAccessorImpl.invoke(DelegatingMethodAccessorImpl.java:43)
	at java.lang.reflect.Method.invoke(Method.java:497)
	at org.testng.internal.MethodInvocationHelper.invokeMethod(MethodInvocationHelper.java:124)
	at org.testng.internal.Invoker.invokeMethod(Invoker.java:571)
	at org.testng.internal.Invoker.invokeTestMethod(Invoker.java:707)
	at org.testng.internal.Invoker.invokeTestMethods(Invoker.java:979)
	at org.testng.internal.TestMethodWorker.invokeTestMethods(TestMethodWorker.java:125)
	at org.testng.internal.TestMethodWorker.run(TestMethodWorker.java:109)
	at org.testng.TestRunner.privateRun(TestRunner.java:648)
	at org.testng.TestRunner.run(TestRunner.java:505)
	at org.testng.SuiteRunner.runTest(SuiteRunner.java:455)
	at org.testng.SuiteRunner.runSequentially(SuiteRunner.java:450)
	at org.testng.SuiteRunner.privateRun(SuiteRunner.java:415)
	at org.testng.SuiteRunner.run(SuiteRunner.java:364)
	at org.testng.SuiteRunnerWorker.runSuite(SuiteRunnerWorker.java:52)
	at org.testng.SuiteRunnerWorker.run(SuiteRunnerWorker.java:84)
	at org.testng.TestNG.runSuitesSequentially(TestNG.java:1187)
	at org.testng.TestNG.runSuitesLocally(TestNG.java:1116)
	at org.testng.TestNG.runSuites(TestNG.java:1028)
	at org.testng.TestNG.run(TestNG.java:996)
	at org.testng.remote.AbstractRemoteTestNG.run(AbstractRemoteTestNG.java:114)
	at org.testng.remote.RemoteTestNG.initAndRun(RemoteTestNG.java:251)
	at org.testng.remote.RemoteTestNG.main(RemoteTestNG.java:77)
</pre></div></td>
<td>70</td>
<td>com.rsi.kma.automation.testScripts.Regression.LockUnlock@6b57696f</td></tr>
</table><p>
</body>
</html>