<?xml version="1.0" encoding="UTF-8"?>
<testng-results skipped="0" failed="4" ignored="0" total="4" passed="0">
  <reporter-output>
    <line>
      <![CDATA[logOutLink is not found on Header page activity]]>
    </line>
    <line>
      <![CDATA[ addVehicle  is not found on  My vehicles activity]]>
    </line>
    <line>
      <![CDATA[Request timeout.Login failed.User could not land on My Vehicle page]]>
    </line>
    <line>
      <![CDATA[<br /><br />Screenshot<br /><img width="800" height="800" src="file:///D:\KMA\SDLC\Source Code\KMA_Trunk\Screenshots\LockUnlock\lockDoors..jpg" alt="Screenshot"/><br /><br />]]>
    </line>
    <line>
      <![CDATA[close is not found on OverviewPage activity]]>
    </line>
    <line>
      <![CDATA[logOutLink is not found on Header page activity]]>
    </line>
    <line>
      <![CDATA[logOutLink is not found on Header page activity]]>
    </line>
    <line>
      <![CDATA[ addVehicle  is not found on  My vehicles activity]]>
    </line>
    <line>
      <![CDATA[Request timeout.Login failed.User could not land on My Vehicle page]]>
    </line>
    <line>
      <![CDATA[<br /><br />Screenshot<br /><img width="800" height="800" src="file:///D:\KMA\SDLC\Source Code\KMA_Trunk\Screenshots\LockUnlock\lockDoorsEV1..jpg" alt="Screenshot"/><br /><br />]]>
    </line>
    <line>
      <![CDATA[close is not found on OverviewPage activity]]>
    </line>
    <line>
      <![CDATA[logOutLink is not found on Header page activity]]>
    </line>
    <line>
      <![CDATA[logOutLink is not found on Header page activity]]>
    </line>
    <line>
      <![CDATA[ addVehicle  is not found on  My vehicles activity]]>
    </line>
    <line>
      <![CDATA[Request timeout.Login failed.User could not land on My Vehicle page]]>
    </line>
    <line>
      <![CDATA[<br /><br />Screenshot<br /><img width="800" height="800" src="file:///D:\KMA\SDLC\Source Code\KMA_Trunk\Screenshots\LockUnlock\unlockDoors..jpg" alt="Screenshot"/><br /><br />]]>
    </line>
    <line>
      <![CDATA[close is not found on OverviewPage activity]]>
    </line>
    <line>
      <![CDATA[logOutLink is not found on Header page activity]]>
    </line>
    <line>
      <![CDATA[logOutLink is not found on Header page activity]]>
    </line>
    <line>
      <![CDATA[ addVehicle  is not found on  My vehicles activity]]>
    </line>
    <line>
      <![CDATA[Request timeout.Login failed.User could not land on My Vehicle page]]>
    </line>
    <line>
      <![CDATA[<br /><br />Screenshot<br /><img width="800" height="800" src="file:///D:\KMA\SDLC\Source Code\KMA_Trunk\Screenshots\LockUnlock\unlockDoorsEV1..jpg" alt="Screenshot"/><br /><br />]]>
    </line>
    <line>
      <![CDATA[close is not found on OverviewPage activity]]>
    </line>
    <line>
      <![CDATA[logOutLink is not found on Header page activity]]>
    </line>
    <line>
      <![CDATA[Browser window is closed]]>
    </line>
    <line>
      <![CDATA[Browser window is closed]]>
    </line>
  </reporter-output>
  <suite name="KMA.Automation.chrome" duration-ms="376971" started-at="2018-05-28T10:29:35Z" finished-at="2018-05-28T10:35:52Z">
    <groups>
      <group name="JF PHEV">
        <method signature="LockUnlock.lockDoors()[pri:0, instance:com.rsi.kma.automation.testScripts.Regression.LockUnlock@6b57696f]" name="lockDoors" class="com.rsi.kma.automation.testScripts.Regression.LockUnlock"/>
        <method signature="LockUnlock.unlockDoors()[pri:0, instance:com.rsi.kma.automation.testScripts.Regression.LockUnlock@6b57696f]" name="unlockDoors" class="com.rsi.kma.automation.testScripts.Regression.LockUnlock"/>
      </group> <!-- JF PHEV -->
      <group name="DE PHEV">
        <method signature="LockUnlock.lockDoors()[pri:0, instance:com.rsi.kma.automation.testScripts.Regression.LockUnlock@6b57696f]" name="lockDoors" class="com.rsi.kma.automation.testScripts.Regression.LockUnlock"/>
      </group> <!-- DE PHEV -->
      <group name="K900">
        <method signature="LockUnlock.lockDoors()[pri:0, instance:com.rsi.kma.automation.testScripts.Regression.LockUnlock@6b57696f]" name="lockDoors" class="com.rsi.kma.automation.testScripts.Regression.LockUnlock"/>
        <method signature="LockUnlock.unlockDoors()[pri:0, instance:com.rsi.kma.automation.testScripts.Regression.LockUnlock@6b57696f]" name="unlockDoors" class="com.rsi.kma.automation.testScripts.Regression.LockUnlock"/>
      </group> <!-- K900 -->
      <group name="EV 2.0">
        <method signature="LockUnlock.lockDoors()[pri:0, instance:com.rsi.kma.automation.testScripts.Regression.LockUnlock@6b57696f]" name="lockDoors" class="com.rsi.kma.automation.testScripts.Regression.LockUnlock"/>
        <method signature="LockUnlock.unlockDoors()[pri:0, instance:com.rsi.kma.automation.testScripts.Regression.LockUnlock@6b57696f]" name="unlockDoors" class="com.rsi.kma.automation.testScripts.Regression.LockUnlock"/>
      </group> <!-- EV 2.0 -->
      <group name="EV 1.0">
        <method signature="LockUnlock.lockDoorsEV1()[pri:0, instance:com.rsi.kma.automation.testScripts.Regression.LockUnlock@6b57696f]" name="lockDoorsEV1" class="com.rsi.kma.automation.testScripts.Regression.LockUnlock"/>
        <method signature="LockUnlock.unlockDoorsEV1()[pri:0, instance:com.rsi.kma.automation.testScripts.Regression.LockUnlock@6b57696f]" name="unlockDoorsEV1" class="com.rsi.kma.automation.testScripts.Regression.LockUnlock"/>
      </group> <!-- EV 1.0 -->
    </groups>
    <test name="Testing random" duration-ms="376971" started-at="2018-05-28T10:29:35Z" finished-at="2018-05-28T10:35:52Z">
      <class name="com.rsi.kma.automation.testScripts.Regression.LockUnlock">
        <test-method status="PASS" signature="setUp(java.lang.String, java.lang.String, int)[pri:0, instance:com.rsi.kma.automation.testScripts.Regression.LockUnlock@6b57696f]" name="setUp" is-config="true" duration-ms="123" started-at="2018-05-28T15:59:35Z" finished-at="2018-05-28T15:59:35Z">
          <params>
            <param index="0">
              <value>
                <![CDATA[chrome]]>
              </value>
            </param>
            <param index="1">
              <value>
                <![CDATA[https://stg.myuvo.com/]]>
              </value>
            </param>
            <param index="2">
              <value>
                <![CDATA[0]]>
              </value>
            </param>
          </params>
          <reporter-output>
          </reporter-output>
        </test-method> <!-- setUp -->
        <test-method status="PASS" signature="driverInitialise()[pri:0, instance:com.rsi.kma.automation.testScripts.Regression.LockUnlock@6b57696f]" name="driverInitialise" is-config="true" duration-ms="48955" started-at="2018-05-28T15:59:35Z" finished-at="2018-05-28T16:00:24Z">
          <reporter-output>
          </reporter-output>
        </test-method> <!-- driverInitialise -->
        <test-method status="PASS" signature="chooseRandom(java.lang.reflect.Method)[pri:0, instance:com.rsi.kma.automation.testScripts.Regression.LockUnlock@6b57696f]" name="chooseRandom" is-config="true" duration-ms="879" started-at="2018-05-28T16:00:24Z" finished-at="2018-05-28T16:00:25Z">
          <params>
            <param index="0">
              <value>
                <![CDATA[public void com.rsi.kma.automation.testScripts.Regression.LockUnlock.lockDoors()]]>
              </value>
            </param>
          </params>
          <reporter-output>
          </reporter-output>
        </test-method> <!-- chooseRandom -->
        <test-method status="FAIL" signature="lockDoors()[pri:0, instance:com.rsi.kma.automation.testScripts.Regression.LockUnlock@6b57696f]" name="lockDoors" duration-ms="71046" started-at="2018-05-28T16:00:25Z" description="TS_02" finished-at="2018-05-28T16:01:36Z">
          <exception class="java.lang.AssertionError">
            <message>
              <![CDATA[Request timeout.Login failed.User could not land on My Vehicle page]]>
            </message>
            <full-stacktrace>
              <![CDATA[java.lang.AssertionError: Request timeout.Login failed.User could not land on My Vehicle pageat org.testng.Assert.fail(Assert.java:96)at com.rsi.kma.automation.modules.LoginModule.login(LoginModule.java:51)at com.rsi.kma.automation.modules.OverviewModule.NavigateToOverviewPage(OverviewModule.java:47)at com.rsi.kma.automation.modules.LockUnlockModule.NavigateToLockUnlockPage(LockUnlockModule.java:31)at com.rsi.kma.automation.testScripts.Regression.LockUnlock.lockDoors(LockUnlock.java:73)at sun.reflect.NativeMethodAccessorImpl.invoke0(Native Method)at sun.reflect.NativeMethodAccessorImpl.invoke(NativeMethodAccessorImpl.java:62)at sun.reflect.DelegatingMethodAccessorImpl.invoke(DelegatingMethodAccessorImpl.java:43)at java.lang.reflect.Method.invoke(Method.java:497)at org.testng.internal.MethodInvocationHelper.invokeMethod(MethodInvocationHelper.java:124)at org.testng.internal.Invoker.invokeMethod(Invoker.java:571)at org.testng.internal.Invoker.invokeTestMethod(Invoker.java:707)at org.testng.internal.Invoker.invokeTestMethods(Invoker.java:979)at org.testng.internal.TestMethodWorker.invokeTestMethods(TestMethodWorker.java:125)at org.testng.internal.TestMethodWorker.run(TestMethodWorker.java:109)at org.testng.TestRunner.privateRun(TestRunner.java:648)at org.testng.TestRunner.run(TestRunner.java:505)at org.testng.SuiteRunner.runTest(SuiteRunner.java:455)at org.testng.SuiteRunner.runSequentially(SuiteRunner.java:450)at org.testng.SuiteRunner.privateRun(SuiteRunner.java:415)at org.testng.SuiteRunner.run(SuiteRunner.java:364)at org.testng.SuiteRunnerWorker.runSuite(SuiteRunnerWorker.java:52)at org.testng.SuiteRunnerWorker.run(SuiteRunnerWorker.java:84)at org.testng.TestNG.runSuitesSequentially(TestNG.java:1187)at org.testng.TestNG.runSuitesLocally(TestNG.java:1116)at org.testng.TestNG.runSuites(TestNG.java:1028)at org.testng.TestNG.run(TestNG.java:996)at org.testng.remote.AbstractRemoteTestNG.run(AbstractRemoteTestNG.java:114)at org.testng.remote.RemoteTestNG.initAndRun(RemoteTestNG.java:251)at org.testng.remote.RemoteTestNG.main(RemoteTestNG.java:77)]]>
            </full-stacktrace>
          </exception> <!-- java.lang.AssertionError -->
          <reporter-output>
            <line>
              <![CDATA[logOutLink is not found on Header page activity]]>
            </line>
            <line>
              <![CDATA[ addVehicle  is not found on  My vehicles activity]]>
            </line>
            <line>
              <![CDATA[Request timeout.Login failed.User could not land on My Vehicle page]]>
            </line>
            <line>
              <![CDATA[<br /><br />Screenshot<br /><img width="800" height="800" src="file:///D:\KMA\SDLC\Source Code\KMA_Trunk\Screenshots\LockUnlock\lockDoors..jpg" alt="Screenshot"/><br /><br />]]>
            </line>
          </reporter-output>
        </test-method> <!-- lockDoors -->
        <test-method status="PASS" signature="logout()[pri:0, instance:com.rsi.kma.automation.testScripts.Regression.LockUnlock@6b57696f]" name="logout" is-config="true" duration-ms="10128" started-at="2018-05-28T16:01:36Z" finished-at="2018-05-28T16:01:46Z">
          <reporter-output>
            <line>
              <![CDATA[close is not found on OverviewPage activity]]>
            </line>
            <line>
              <![CDATA[logOutLink is not found on Header page activity]]>
            </line>
          </reporter-output>
        </test-method> <!-- logout -->
        <test-method status="PASS" signature="chooseRandom(java.lang.reflect.Method)[pri:0, instance:com.rsi.kma.automation.testScripts.Regression.LockUnlock@6b57696f]" name="chooseRandom" is-config="true" duration-ms="73" started-at="2018-05-28T16:01:46Z" finished-at="2018-05-28T16:01:46Z">
          <params>
            <param index="0">
              <value>
                <![CDATA[public void com.rsi.kma.automation.testScripts.Regression.LockUnlock.lockDoorsEV1()]]>
              </value>
            </param>
          </params>
          <reporter-output>
          </reporter-output>
        </test-method> <!-- chooseRandom -->
        <test-method status="FAIL" signature="lockDoorsEV1()[pri:0, instance:com.rsi.kma.automation.testScripts.Regression.LockUnlock@6b57696f]" name="lockDoorsEV1" duration-ms="70819" started-at="2018-05-28T16:01:46Z" description="TS_02a" finished-at="2018-05-28T16:02:57Z">
          <exception class="java.lang.AssertionError">
            <message>
              <![CDATA[Request timeout.Login failed.User could not land on My Vehicle page]]>
            </message>
            <full-stacktrace>
              <![CDATA[java.lang.AssertionError: Request timeout.Login failed.User could not land on My Vehicle pageat org.testng.Assert.fail(Assert.java:96)at com.rsi.kma.automation.modules.LoginModule.login(LoginModule.java:51)at com.rsi.kma.automation.modules.OverviewModule.NavigateToOverviewPage(OverviewModule.java:47)at com.rsi.kma.automation.modules.LockUnlockModule.NavigateToLockUnlockPage(LockUnlockModule.java:31)at com.rsi.kma.automation.testScripts.Regression.LockUnlock.lockDoorsEV1(LockUnlock.java:43)at sun.reflect.NativeMethodAccessorImpl.invoke0(Native Method)at sun.reflect.NativeMethodAccessorImpl.invoke(NativeMethodAccessorImpl.java:62)at sun.reflect.DelegatingMethodAccessorImpl.invoke(DelegatingMethodAccessorImpl.java:43)at java.lang.reflect.Method.invoke(Method.java:497)at org.testng.internal.MethodInvocationHelper.invokeMethod(MethodInvocationHelper.java:124)at org.testng.internal.Invoker.invokeMethod(Invoker.java:571)at org.testng.internal.Invoker.invokeTestMethod(Invoker.java:707)at org.testng.internal.Invoker.invokeTestMethods(Invoker.java:979)at org.testng.internal.TestMethodWorker.invokeTestMethods(TestMethodWorker.java:125)at org.testng.internal.TestMethodWorker.run(TestMethodWorker.java:109)at org.testng.TestRunner.privateRun(TestRunner.java:648)at org.testng.TestRunner.run(TestRunner.java:505)at org.testng.SuiteRunner.runTest(SuiteRunner.java:455)at org.testng.SuiteRunner.runSequentially(SuiteRunner.java:450)at org.testng.SuiteRunner.privateRun(SuiteRunner.java:415)at org.testng.SuiteRunner.run(SuiteRunner.java:364)at org.testng.SuiteRunnerWorker.runSuite(SuiteRunnerWorker.java:52)at org.testng.SuiteRunnerWorker.run(SuiteRunnerWorker.java:84)at org.testng.TestNG.runSuitesSequentially(TestNG.java:1187)at org.testng.TestNG.runSuitesLocally(TestNG.java:1116)at org.testng.TestNG.runSuites(TestNG.java:1028)at org.testng.TestNG.run(TestNG.java:996)at org.testng.remote.AbstractRemoteTestNG.run(AbstractRemoteTestNG.java:114)at org.testng.remote.RemoteTestNG.initAndRun(RemoteTestNG.java:251)at org.testng.remote.RemoteTestNG.main(RemoteTestNG.java:77)]]>
            </full-stacktrace>
          </exception> <!-- java.lang.AssertionError -->
          <reporter-output>
            <line>
              <![CDATA[logOutLink is not found on Header page activity]]>
            </line>
            <line>
              <![CDATA[ addVehicle  is not found on  My vehicles activity]]>
            </line>
            <line>
              <![CDATA[Request timeout.Login failed.User could not land on My Vehicle page]]>
            </line>
            <line>
              <![CDATA[<br /><br />Screenshot<br /><img width="800" height="800" src="file:///D:\KMA\SDLC\Source Code\KMA_Trunk\Screenshots\LockUnlock\lockDoorsEV1..jpg" alt="Screenshot"/><br /><br />]]>
            </line>
          </reporter-output>
        </test-method> <!-- lockDoorsEV1 -->
        <test-method status="PASS" signature="logout()[pri:0, instance:com.rsi.kma.automation.testScripts.Regression.LockUnlock@6b57696f]" name="logout" is-config="true" duration-ms="10121" started-at="2018-05-28T16:02:58Z" finished-at="2018-05-28T16:03:08Z">
          <reporter-output>
            <line>
              <![CDATA[close is not found on OverviewPage activity]]>
            </line>
            <line>
              <![CDATA[logOutLink is not found on Header page activity]]>
            </line>
          </reporter-output>
        </test-method> <!-- logout -->
        <test-method status="PASS" signature="chooseRandom(java.lang.reflect.Method)[pri:0, instance:com.rsi.kma.automation.testScripts.Regression.LockUnlock@6b57696f]" name="chooseRandom" is-config="true" duration-ms="45" started-at="2018-05-28T16:03:08Z" finished-at="2018-05-28T16:03:08Z">
          <params>
            <param index="0">
              <value>
                <![CDATA[public void com.rsi.kma.automation.testScripts.Regression.LockUnlock.unlockDoors()]]>
              </value>
            </param>
          </params>
          <reporter-output>
          </reporter-output>
        </test-method> <!-- chooseRandom -->
        <test-method status="FAIL" signature="unlockDoors()[pri:0, instance:com.rsi.kma.automation.testScripts.Regression.LockUnlock@6b57696f]" name="unlockDoors" duration-ms="70726" started-at="2018-05-28T16:03:08Z" description="TS_01" finished-at="2018-05-28T16:04:19Z">
          <exception class="java.lang.AssertionError">
            <message>
              <![CDATA[Request timeout.Login failed.User could not land on My Vehicle page]]>
            </message>
            <full-stacktrace>
              <![CDATA[java.lang.AssertionError: Request timeout.Login failed.User could not land on My Vehicle pageat org.testng.Assert.fail(Assert.java:96)at com.rsi.kma.automation.modules.LoginModule.login(LoginModule.java:51)at com.rsi.kma.automation.modules.OverviewModule.NavigateToOverviewPage(OverviewModule.java:47)at com.rsi.kma.automation.modules.LockUnlockModule.NavigateToLockUnlockPage(LockUnlockModule.java:31)at com.rsi.kma.automation.testScripts.Regression.LockUnlock.unlockDoors(LockUnlock.java:57)at sun.reflect.NativeMethodAccessorImpl.invoke0(Native Method)at sun.reflect.NativeMethodAccessorImpl.invoke(NativeMethodAccessorImpl.java:62)at sun.reflect.DelegatingMethodAccessorImpl.invoke(DelegatingMethodAccessorImpl.java:43)at java.lang.reflect.Method.invoke(Method.java:497)at org.testng.internal.MethodInvocationHelper.invokeMethod(MethodInvocationHelper.java:124)at org.testng.internal.Invoker.invokeMethod(Invoker.java:571)at org.testng.internal.Invoker.invokeTestMethod(Invoker.java:707)at org.testng.internal.Invoker.invokeTestMethods(Invoker.java:979)at org.testng.internal.TestMethodWorker.invokeTestMethods(TestMethodWorker.java:125)at org.testng.internal.TestMethodWorker.run(TestMethodWorker.java:109)at org.testng.TestRunner.privateRun(TestRunner.java:648)at org.testng.TestRunner.run(TestRunner.java:505)at org.testng.SuiteRunner.runTest(SuiteRunner.java:455)at org.testng.SuiteRunner.runSequentially(SuiteRunner.java:450)at org.testng.SuiteRunner.privateRun(SuiteRunner.java:415)at org.testng.SuiteRunner.run(SuiteRunner.java:364)at org.testng.SuiteRunnerWorker.runSuite(SuiteRunnerWorker.java:52)at org.testng.SuiteRunnerWorker.run(SuiteRunnerWorker.java:84)at org.testng.TestNG.runSuitesSequentially(TestNG.java:1187)at org.testng.TestNG.runSuitesLocally(TestNG.java:1116)at org.testng.TestNG.runSuites(TestNG.java:1028)at org.testng.TestNG.run(TestNG.java:996)at org.testng.remote.AbstractRemoteTestNG.run(AbstractRemoteTestNG.java:114)at org.testng.remote.RemoteTestNG.initAndRun(RemoteTestNG.java:251)at org.testng.remote.RemoteTestNG.main(RemoteTestNG.java:77)]]>
            </full-stacktrace>
          </exception> <!-- java.lang.AssertionError -->
          <reporter-output>
            <line>
              <![CDATA[logOutLink is not found on Header page activity]]>
            </line>
            <line>
              <![CDATA[ addVehicle  is not found on  My vehicles activity]]>
            </line>
            <line>
              <![CDATA[Request timeout.Login failed.User could not land on My Vehicle page]]>
            </line>
            <line>
              <![CDATA[<br /><br />Screenshot<br /><img width="800" height="800" src="file:///D:\KMA\SDLC\Source Code\KMA_Trunk\Screenshots\LockUnlock\unlockDoors..jpg" alt="Screenshot"/><br /><br />]]>
            </line>
          </reporter-output>
        </test-method> <!-- unlockDoors -->
        <test-method status="PASS" signature="logout()[pri:0, instance:com.rsi.kma.automation.testScripts.Regression.LockUnlock@6b57696f]" name="logout" is-config="true" duration-ms="10094" started-at="2018-05-28T16:04:19Z" finished-at="2018-05-28T16:04:29Z">
          <reporter-output>
            <line>
              <![CDATA[close is not found on OverviewPage activity]]>
            </line>
            <line>
              <![CDATA[logOutLink is not found on Header page activity]]>
            </line>
          </reporter-output>
        </test-method> <!-- logout -->
        <test-method status="PASS" signature="chooseRandom(java.lang.reflect.Method)[pri:0, instance:com.rsi.kma.automation.testScripts.Regression.LockUnlock@6b57696f]" name="chooseRandom" is-config="true" duration-ms="43" started-at="2018-05-28T16:04:29Z" finished-at="2018-05-28T16:04:29Z">
          <params>
            <param index="0">
              <value>
                <![CDATA[public void com.rsi.kma.automation.testScripts.Regression.LockUnlock.unlockDoorsEV1()]]>
              </value>
            </param>
          </params>
          <reporter-output>
          </reporter-output>
        </test-method> <!-- chooseRandom -->
        <test-method status="FAIL" signature="unlockDoorsEV1()[pri:0, instance:com.rsi.kma.automation.testScripts.Regression.LockUnlock@6b57696f]" name="unlockDoorsEV1" duration-ms="70819" started-at="2018-05-28T16:04:29Z" description="TS_01a" finished-at="2018-05-28T16:05:40Z">
          <exception class="java.lang.AssertionError">
            <message>
              <![CDATA[Request timeout.Login failed.User could not land on My Vehicle page]]>
            </message>
            <full-stacktrace>
              <![CDATA[java.lang.AssertionError: Request timeout.Login failed.User could not land on My Vehicle pageat org.testng.Assert.fail(Assert.java:96)at com.rsi.kma.automation.modules.LoginModule.login(LoginModule.java:51)at com.rsi.kma.automation.modules.OverviewModule.NavigateToOverviewPage(OverviewModule.java:47)at com.rsi.kma.automation.modules.LockUnlockModule.NavigateToLockUnlockPage(LockUnlockModule.java:31)at com.rsi.kma.automation.testScripts.Regression.LockUnlock.unlockDoorsEV1(LockUnlock.java:29)at sun.reflect.NativeMethodAccessorImpl.invoke0(Native Method)at sun.reflect.NativeMethodAccessorImpl.invoke(NativeMethodAccessorImpl.java:62)at sun.reflect.DelegatingMethodAccessorImpl.invoke(DelegatingMethodAccessorImpl.java:43)at java.lang.reflect.Method.invoke(Method.java:497)at org.testng.internal.MethodInvocationHelper.invokeMethod(MethodInvocationHelper.java:124)at org.testng.internal.Invoker.invokeMethod(Invoker.java:571)at org.testng.internal.Invoker.invokeTestMethod(Invoker.java:707)at org.testng.internal.Invoker.invokeTestMethods(Invoker.java:979)at org.testng.internal.TestMethodWorker.invokeTestMethods(TestMethodWorker.java:125)at org.testng.internal.TestMethodWorker.run(TestMethodWorker.java:109)at org.testng.TestRunner.privateRun(TestRunner.java:648)at org.testng.TestRunner.run(TestRunner.java:505)at org.testng.SuiteRunner.runTest(SuiteRunner.java:455)at org.testng.SuiteRunner.runSequentially(SuiteRunner.java:450)at org.testng.SuiteRunner.privateRun(SuiteRunner.java:415)at org.testng.SuiteRunner.run(SuiteRunner.java:364)at org.testng.SuiteRunnerWorker.runSuite(SuiteRunnerWorker.java:52)at org.testng.SuiteRunnerWorker.run(SuiteRunnerWorker.java:84)at org.testng.TestNG.runSuitesSequentially(TestNG.java:1187)at org.testng.TestNG.runSuitesLocally(TestNG.java:1116)at org.testng.TestNG.runSuites(TestNG.java:1028)at org.testng.TestNG.run(TestNG.java:996)at org.testng.remote.AbstractRemoteTestNG.run(AbstractRemoteTestNG.java:114)at org.testng.remote.RemoteTestNG.initAndRun(RemoteTestNG.java:251)at org.testng.remote.RemoteTestNG.main(RemoteTestNG.java:77)]]>
            </full-stacktrace>
          </exception> <!-- java.lang.AssertionError -->
          <reporter-output>
            <line>
              <![CDATA[logOutLink is not found on Header page activity]]>
            </line>
            <line>
              <![CDATA[ addVehicle  is not found on  My vehicles activity]]>
            </line>
            <line>
              <![CDATA[Request timeout.Login failed.User could not land on My Vehicle page]]>
            </line>
            <line>
              <![CDATA[<br /><br />Screenshot<br /><img width="800" height="800" src="file:///D:\KMA\SDLC\Source Code\KMA_Trunk\Screenshots\LockUnlock\unlockDoorsEV1..jpg" alt="Screenshot"/><br /><br />]]>
            </line>
          </reporter-output>
        </test-method> <!-- unlockDoorsEV1 -->
        <test-method status="PASS" signature="logout()[pri:0, instance:com.rsi.kma.automation.testScripts.Regression.LockUnlock@6b57696f]" name="logout" is-config="true" duration-ms="10091" started-at="2018-05-28T16:05:40Z" finished-at="2018-05-28T16:05:51Z">
          <reporter-output>
            <line>
              <![CDATA[close is not found on OverviewPage activity]]>
            </line>
            <line>
              <![CDATA[logOutLink is not found on Header page activity]]>
            </line>
          </reporter-output>
        </test-method> <!-- logout -->
        <test-method status="PASS" signature="driveClose()[pri:0, instance:com.rsi.kma.automation.testScripts.Regression.LockUnlock@6b57696f]" name="driveClose" is-config="true" duration-ms="1243" started-at="2018-05-28T16:05:51Z" finished-at="2018-05-28T16:05:52Z">
          <reporter-output>
            <line>
              <![CDATA[Browser window is closed]]>
            </line>
            <line>
              <![CDATA[Browser window is closed]]>
            </line>
          </reporter-output>
        </test-method> <!-- driveClose -->
        <test-method status="PASS" signature="tearDown()[pri:0, instance:com.rsi.kma.automation.testScripts.Regression.LockUnlock@6b57696f]" name="tearDown" is-config="true" duration-ms="0" started-at="2018-05-28T16:05:52Z" finished-at="2018-05-28T16:05:52Z">
          <reporter-output>
          </reporter-output>
        </test-method> <!-- tearDown -->
      </class> <!-- com.rsi.kma.automation.testScripts.Regression.LockUnlock -->
    </test> <!-- Testing random -->
  </suite> <!-- KMA.Automation.chrome -->
</testng-results>
