<?xml version="1.0" encoding="UTF-8"?>
<!-- Generated by org.testng.reporters.JUnitReportReporter -->
<testsuite skipped="0" hostname="C40FF55KMA" name="com.rsi.kma.automation.testScripts.Regression.Awards" tests="6" failures="3" timestamp="11 May 2018 07:28:14 GMT" time="679.432" errors="0">
  <testcase name="TravellerAward" time="15.085" classname="com.rsi.kma.automation.testScripts.Regression.Awards">
    <failure type="java.lang.AssertionError" message="Username is not present on the Login Page activity">
      <![CDATA[java.lang.AssertionError: Username is not present on the Login Page activityat org.junit.Assert.fail(Assert.java:88)at com.rsi.kma.automation.modules.ActionModule.isDisplayed(ActionModule.java:79)at com.rsi.kma.automation.modules.ActionModule.sendKeys(ActionModule.java:51)at com.rsi.kma.automation.modules.MyVehicleModule.NavigateToVehiclePage(MyVehicleModule.java:27)at com.rsi.kma.automation.modules.AwardsModule.navigateToAwardsPage(AwardsModule.java:32)at com.rsi.kma.automation.testScripts.Regression.Awards.TravellerAward(Awards.java:52)at sun.reflect.NativeMethodAccessorImpl.invoke0(Native Method)at sun.reflect.NativeMethodAccessorImpl.invoke(NativeMethodAccessorImpl.java:62)at sun.reflect.DelegatingMethodAccessorImpl.invoke(DelegatingMethodAccessorImpl.java:43)at java.lang.reflect.Method.invoke(Method.java:497)at org.testng.internal.MethodInvocationHelper.invokeMethod(MethodInvocationHelper.java:124)at org.testng.internal.Invoker.invokeMethod(Invoker.java:571)at org.testng.internal.Invoker.invokeTestMethod(Invoker.java:707)at org.testng.internal.Invoker.invokeTestMethods(Invoker.java:979)at org.testng.internal.TestMethodWorker.invokeTestMethods(TestMethodWorker.java:125)at org.testng.internal.TestMethodWorker.run(TestMethodWorker.java:109)at org.testng.TestRunner.privateRun(TestRunner.java:648)at org.testng.TestRunner.run(TestRunner.java:505)at org.testng.SuiteRunner.runTest(SuiteRunner.java:455)at org.testng.SuiteRunner.runSequentially(SuiteRunner.java:450)at org.testng.SuiteRunner.privateRun(SuiteRunner.java:415)at org.testng.SuiteRunner.run(SuiteRunner.java:364)at org.testng.SuiteRunnerWorker.runSuite(SuiteRunnerWorker.java:52)at org.testng.SuiteRunnerWorker.run(SuiteRunnerWorker.java:84)at org.testng.TestNG.runSuitesSequentially(TestNG.java:1187)at org.testng.TestNG.runSuitesLocally(TestNG.java:1116)at org.testng.TestNG.runSuites(TestNG.java:1028)at org.testng.TestNG.run(TestNG.java:996)at org.testng.remote.AbstractRemoteTestNG.run(AbstractRemoteTestNG.java:114)at org.testng.remote.RemoteTestNG.initAndRun(RemoteTestNG.java:251)at org.testng.remote.RemoteTestNG.main(RemoteTestNG.java:77)]]>
    </failure>
  </testcase> <!-- TravellerAward -->
  <testcase name="SchedulerAward" time="210.387" classname="com.rsi.kma.automation.testScripts.Regression.Awards">
    <failure type="java.lang.AssertionError" message="Value is not present on the WebDCS page activity">
      <![CDATA[java.lang.AssertionError: Value is not present on the WebDCS page activityat org.junit.Assert.fail(Assert.java:88)at com.rsi.kma.automation.modules.ActionModule.isDisplayed(ActionModule.java:79)at com.rsi.kma.automation.modules.ActionModule.sendKeys(ActionModule.java:51)at com.rsi.kma.automation.modules.WebDCSModule.webDCS(WebDCSModule.java:78)at com.rsi.kma.automation.testScripts.Regression.Awards.SchedulerAward(Awards.java:80)at sun.reflect.NativeMethodAccessorImpl.invoke0(Native Method)at sun.reflect.NativeMethodAccessorImpl.invoke(NativeMethodAccessorImpl.java:62)at sun.reflect.DelegatingMethodAccessorImpl.invoke(DelegatingMethodAccessorImpl.java:43)at java.lang.reflect.Method.invoke(Method.java:497)at org.testng.internal.MethodInvocationHelper.invokeMethod(MethodInvocationHelper.java:124)at org.testng.internal.Invoker.invokeMethod(Invoker.java:571)at org.testng.internal.Invoker.invokeTestMethod(Invoker.java:707)at org.testng.internal.Invoker.invokeTestMethods(Invoker.java:979)at org.testng.internal.TestMethodWorker.invokeTestMethods(TestMethodWorker.java:125)at org.testng.internal.TestMethodWorker.run(TestMethodWorker.java:109)at org.testng.TestRunner.privateRun(TestRunner.java:648)at org.testng.TestRunner.run(TestRunner.java:505)at org.testng.SuiteRunner.runTest(SuiteRunner.java:455)at org.testng.SuiteRunner.runSequentially(SuiteRunner.java:450)at org.testng.SuiteRunner.privateRun(SuiteRunner.java:415)at org.testng.SuiteRunner.run(SuiteRunner.java:364)at org.testng.SuiteRunnerWorker.runSuite(SuiteRunnerWorker.java:52)at org.testng.SuiteRunnerWorker.run(SuiteRunnerWorker.java:84)at org.testng.TestNG.runSuitesSequentially(TestNG.java:1187)at org.testng.TestNG.runSuitesLocally(TestNG.java:1116)at org.testng.TestNG.runSuites(TestNG.java:1028)at org.testng.TestNG.run(TestNG.java:996)at org.testng.remote.AbstractRemoteTestNG.run(AbstractRemoteTestNG.java:114)at org.testng.remote.RemoteTestNG.initAndRun(RemoteTestNG.java:251)at org.testng.remote.RemoteTestNG.main(RemoteTestNG.java:77)]]>
    </failure>
  </testcase> <!-- SchedulerAward -->
  <testcase name="checkAboutAwards" time="3.216" classname="com.rsi.kma.automation.testScripts.Regression.Awards">
    <failure type="java.lang.AssertionError" message="Username is not present on the Login Page activity">
      <![CDATA[java.lang.AssertionError: Username is not present on the Login Page activityat org.junit.Assert.fail(Assert.java:88)at com.rsi.kma.automation.modules.ActionModule.isDisplayed(ActionModule.java:79)at com.rsi.kma.automation.modules.ActionModule.sendKeys(ActionModule.java:51)at com.rsi.kma.automation.modules.MyVehicleModule.NavigateToVehiclePage(MyVehicleModule.java:27)at com.rsi.kma.automation.modules.AwardsModule.navigateToAwardsPage(AwardsModule.java:32)at com.rsi.kma.automation.testScripts.Regression.Awards.checkAboutAwards(Awards.java:63)at sun.reflect.NativeMethodAccessorImpl.invoke0(Native Method)at sun.reflect.NativeMethodAccessorImpl.invoke(NativeMethodAccessorImpl.java:62)at sun.reflect.DelegatingMethodAccessorImpl.invoke(DelegatingMethodAccessorImpl.java:43)at java.lang.reflect.Method.invoke(Method.java:497)at org.testng.internal.MethodInvocationHelper.invokeMethod(MethodInvocationHelper.java:124)at org.testng.internal.Invoker.invokeMethod(Invoker.java:571)at org.testng.internal.Invoker.invokeTestMethod(Invoker.java:707)at org.testng.internal.Invoker.invokeTestMethods(Invoker.java:979)at org.testng.internal.TestMethodWorker.invokeTestMethods(TestMethodWorker.java:125)at org.testng.internal.TestMethodWorker.run(TestMethodWorker.java:109)at org.testng.TestRunner.privateRun(TestRunner.java:648)at org.testng.TestRunner.run(TestRunner.java:505)at org.testng.SuiteRunner.runTest(SuiteRunner.java:455)at org.testng.SuiteRunner.runSequentially(SuiteRunner.java:450)at org.testng.SuiteRunner.privateRun(SuiteRunner.java:415)at org.testng.SuiteRunner.run(SuiteRunner.java:364)at org.testng.SuiteRunnerWorker.runSuite(SuiteRunnerWorker.java:52)at org.testng.SuiteRunnerWorker.run(SuiteRunnerWorker.java:84)at org.testng.TestNG.runSuitesSequentially(TestNG.java:1187)at org.testng.TestNG.runSuitesLocally(TestNG.java:1116)at org.testng.TestNG.runSuites(TestNG.java:1028)at org.testng.TestNG.run(TestNG.java:996)at org.testng.remote.AbstractRemoteTestNG.run(AbstractRemoteTestNG.java:114)at org.testng.remote.RemoteTestNG.initAndRun(RemoteTestNG.java:251)at org.testng.remote.RemoteTestNG.main(RemoteTestNG.java:77)]]>
    </failure>
  </testcase> <!-- checkAboutAwards -->
  <testcase name="GettingIntersetedAward" time="125.788" classname="com.rsi.kma.automation.testScripts.Regression.Awards"/>
  <testcase name="GrowingGarageAward" time="173.098" classname="com.rsi.kma.automation.testScripts.Regression.Awards"/>
  <testcase name="PoweUserAward" time="151.858" classname="com.rsi.kma.automation.testScripts.Regression.Awards"/>
</testsuite> <!-- com.rsi.kma.automation.testScripts.Regression.Awards -->
