<?xml version="1.0" encoding="UTF-8"?>
<!-- Generated by org.testng.reporters.JUnitReportReporter -->
<testsuite skipped="0" hostname="C40FF62PC" name="com.rsi.kma.automation.testScripts.Regression.TripInfo" tests="4" failures="2" timestamp="10 May 2018 07:44:25 GMT" time="139.616" errors="1">
  <testcase name="tripInfoEmbedded" time="11.531" classname="com.rsi.kma.automation.testScripts.Regression.TripInfo">
    <error type="java.lang.NullPointerException">
      <![CDATA[java.lang.NullPointerExceptionat org.openqa.selenium.remote.RemoteWebElement.isDisplayed(RemoteWebElement.java:316)at com.rsi.kma.automation.modules.ActionModule.isDisplayed(ActionModule.java:68)at com.rsi.kma.automation.modules.ActionModule.click(ActionModule.java:21)at com.rsi.kma.automation.modules.LoginModule.login(LoginModule.java:28)at com.rsi.kma.automation.modules.OverviewModule.NavigateToOverviewPage(OverviewModule.java:48)at com.rsi.kma.automation.modules.TripInfoModule.navigateToTripInfoPage(TripInfoModule.java:50)at com.rsi.kma.automation.testScripts.Regression.TripInfo.tripInfoEmbedded(TripInfo.java:31)at sun.reflect.NativeMethodAccessorImpl.invoke0(Native Method)at sun.reflect.NativeMethodAccessorImpl.invoke(NativeMethodAccessorImpl.java:62)at sun.reflect.DelegatingMethodAccessorImpl.invoke(DelegatingMethodAccessorImpl.java:43)at java.lang.reflect.Method.invoke(Method.java:497)at org.testng.internal.MethodInvocationHelper.invokeMethod(MethodInvocationHelper.java:124)at org.testng.internal.Invoker.invokeMethod(Invoker.java:571)at org.testng.internal.Invoker.invokeTestMethod(Invoker.java:707)at org.testng.internal.Invoker.invokeTestMethods(Invoker.java:979)at org.testng.internal.TestMethodWorker.invokeTestMethods(TestMethodWorker.java:125)at org.testng.internal.TestMethodWorker.run(TestMethodWorker.java:109)at org.testng.TestRunner.privateRun(TestRunner.java:648)at org.testng.TestRunner.run(TestRunner.java:505)at org.testng.SuiteRunner.runTest(SuiteRunner.java:455)at org.testng.SuiteRunner.runSequentially(SuiteRunner.java:450)at org.testng.SuiteRunner.privateRun(SuiteRunner.java:415)at org.testng.SuiteRunner.run(SuiteRunner.java:364)at org.testng.SuiteRunnerWorker.runSuite(SuiteRunnerWorker.java:52)at org.testng.SuiteRunnerWorker.run(SuiteRunnerWorker.java:84)at org.testng.TestNG.runSuitesSequentially(TestNG.java:1187)at org.testng.TestNG.runSuitesLocally(TestNG.java:1116)at org.testng.TestNG.runSuites(TestNG.java:1028)at org.testng.TestNG.run(TestNG.java:996)at org.testng.remote.AbstractRemoteTestNG.run(AbstractRemoteTestNG.java:114)at org.testng.remote.RemoteTestNG.initAndRun(RemoteTestNG.java:251)at org.testng.remote.RemoteTestNG.main(RemoteTestNG.java:77)]]>
    </error>
  </testcase> <!-- tripInfoEmbedded -->
  <testcase name="tripInfoConnected" time="0.235" classname="com.rsi.kma.automation.testScripts.Regression.TripInfo">
    <failure type="java.lang.AssertionError" message="Username is not present on the Login Page activity">
      <![CDATA[java.lang.AssertionError: Username is not present on the Login Page activityat org.junit.Assert.fail(Assert.java:88)at com.rsi.kma.automation.modules.ActionModule.isDisplayed(ActionModule.java:79)at com.rsi.kma.automation.modules.ActionModule.sendKeys(ActionModule.java:51)at com.rsi.kma.automation.modules.LoginModule.login(LoginModule.java:31)at com.rsi.kma.automation.modules.OverviewModule.NavigateToOverviewPage(OverviewModule.java:48)at com.rsi.kma.automation.modules.TripInfoModule.navigateToTripInfoPage(TripInfoModule.java:50)at com.rsi.kma.automation.testScripts.Regression.TripInfo.tripInfoConnected(TripInfo.java:19)at sun.reflect.NativeMethodAccessorImpl.invoke0(Native Method)at sun.reflect.NativeMethodAccessorImpl.invoke(NativeMethodAccessorImpl.java:62)at sun.reflect.DelegatingMethodAccessorImpl.invoke(DelegatingMethodAccessorImpl.java:43)at java.lang.reflect.Method.invoke(Method.java:497)at org.testng.internal.MethodInvocationHelper.invokeMethod(MethodInvocationHelper.java:124)at org.testng.internal.Invoker.invokeMethod(Invoker.java:571)at org.testng.internal.Invoker.invokeTestMethod(Invoker.java:707)at org.testng.internal.Invoker.invokeTestMethods(Invoker.java:979)at org.testng.internal.TestMethodWorker.invokeTestMethods(TestMethodWorker.java:125)at org.testng.internal.TestMethodWorker.run(TestMethodWorker.java:109)at org.testng.TestRunner.privateRun(TestRunner.java:648)at org.testng.TestRunner.run(TestRunner.java:505)at org.testng.SuiteRunner.runTest(SuiteRunner.java:455)at org.testng.SuiteRunner.runSequentially(SuiteRunner.java:450)at org.testng.SuiteRunner.privateRun(SuiteRunner.java:415)at org.testng.SuiteRunner.run(SuiteRunner.java:364)at org.testng.SuiteRunnerWorker.runSuite(SuiteRunnerWorker.java:52)at org.testng.SuiteRunnerWorker.run(SuiteRunnerWorker.java:84)at org.testng.TestNG.runSuitesSequentially(TestNG.java:1187)at org.testng.TestNG.runSuitesLocally(TestNG.java:1116)at org.testng.TestNG.runSuites(TestNG.java:1028)at org.testng.TestNG.run(TestNG.java:996)at org.testng.remote.AbstractRemoteTestNG.run(AbstractRemoteTestNG.java:114)at org.testng.remote.RemoteTestNG.initAndRun(RemoteTestNG.java:251)at org.testng.remote.RemoteTestNG.main(RemoteTestNG.java:77)]]>
    </failure>
  </testcase> <!-- tripInfoConnected -->
  <testcase name="deleteTrip" time="0.264" classname="com.rsi.kma.automation.testScripts.Regression.TripInfo">
    <failure type="java.lang.AssertionError" message="Username is not present on the Login Page activity">
      <![CDATA[java.lang.AssertionError: Username is not present on the Login Page activityat org.junit.Assert.fail(Assert.java:88)at com.rsi.kma.automation.modules.ActionModule.isDisplayed(ActionModule.java:79)at com.rsi.kma.automation.modules.ActionModule.sendKeys(ActionModule.java:51)at com.rsi.kma.automation.modules.LoginModule.login(LoginModule.java:31)at com.rsi.kma.automation.modules.OverviewModule.NavigateToOverviewPage(OverviewModule.java:48)at com.rsi.kma.automation.modules.TripInfoModule.navigateToTripInfoPage(TripInfoModule.java:50)at com.rsi.kma.automation.testScripts.Regression.TripInfo.deleteTrip(TripInfo.java:51)at sun.reflect.NativeMethodAccessorImpl.invoke0(Native Method)at sun.reflect.NativeMethodAccessorImpl.invoke(NativeMethodAccessorImpl.java:62)at sun.reflect.DelegatingMethodAccessorImpl.invoke(DelegatingMethodAccessorImpl.java:43)at java.lang.reflect.Method.invoke(Method.java:497)at org.testng.internal.MethodInvocationHelper.invokeMethod(MethodInvocationHelper.java:124)at org.testng.internal.Invoker.invokeMethod(Invoker.java:571)at org.testng.internal.Invoker.invokeTestMethod(Invoker.java:707)at org.testng.internal.Invoker.invokeTestMethods(Invoker.java:979)at org.testng.internal.TestMethodWorker.invokeTestMethods(TestMethodWorker.java:125)at org.testng.internal.TestMethodWorker.run(TestMethodWorker.java:109)at org.testng.TestRunner.privateRun(TestRunner.java:648)at org.testng.TestRunner.run(TestRunner.java:505)at org.testng.SuiteRunner.runTest(SuiteRunner.java:455)at org.testng.SuiteRunner.runSequentially(SuiteRunner.java:450)at org.testng.SuiteRunner.privateRun(SuiteRunner.java:415)at org.testng.SuiteRunner.run(SuiteRunner.java:364)at org.testng.SuiteRunnerWorker.runSuite(SuiteRunnerWorker.java:52)at org.testng.SuiteRunnerWorker.run(SuiteRunnerWorker.java:84)at org.testng.TestNG.runSuitesSequentially(TestNG.java:1187)at org.testng.TestNG.runSuitesLocally(TestNG.java:1116)at org.testng.TestNG.runSuites(TestNG.java:1028)at org.testng.TestNG.run(TestNG.java:996)at org.testng.remote.AbstractRemoteTestNG.run(AbstractRemoteTestNG.java:114)at org.testng.remote.RemoteTestNG.initAndRun(RemoteTestNG.java:251)at org.testng.remote.RemoteTestNG.main(RemoteTestNG.java:77)]]>
    </failure>
  </testcase> <!-- deleteTrip -->
  <testcase name="MergeUnmergeTrips" time="127.586" classname="com.rsi.kma.automation.testScripts.Regression.TripInfo"/>
</testsuite> <!-- com.rsi.kma.automation.testScripts.Regression.TripInfo -->
