<?xml version="1.0" encoding="UTF-8"?>
<!-- Generated by org.testng.reporters.JUnitReportReporter -->
<testsuite skipped="0" hostname="C40FF62PC" name="com.rsi.kma.automation.testScripts.Regression.Register" tests="7" failures="3" timestamp="10 May 2018 11:36:43 GMT" time="1097.791" errors="0">
  <testcase name="checkInvalidMobileNo" time="47.824" classname="com.rsi.kma.automation.testScripts.Regression.Register"/>
  <testcase name="checkLinks" time="57.904" classname="com.rsi.kma.automation.testScripts.Regression.Register"/>
  <testcase name="successfullLogin" time="221.359" classname="com.rsi.kma.automation.testScripts.Regression.Register">
    <failure type="java.lang.AssertionError" message="Request timeout.Login failed.User could not land on My Vehicle page">
      <![CDATA[java.lang.AssertionError: Request timeout.Login failed.User could not land on My Vehicle pageat org.testng.Assert.fail(Assert.java:96)at com.rsi.kma.automation.modules.RegisterModule.newAccount(RegisterModule.java:647)at com.rsi.kma.automation.testScripts.Regression.Register.successfullLogin(Register.java:69)at sun.reflect.NativeMethodAccessorImpl.invoke0(Native Method)at sun.reflect.NativeMethodAccessorImpl.invoke(NativeMethodAccessorImpl.java:62)at sun.reflect.DelegatingMethodAccessorImpl.invoke(DelegatingMethodAccessorImpl.java:43)at java.lang.reflect.Method.invoke(Method.java:497)at org.testng.internal.MethodInvocationHelper.invokeMethod(MethodInvocationHelper.java:124)at org.testng.internal.Invoker.invokeMethod(Invoker.java:571)at org.testng.internal.Invoker.invokeTestMethod(Invoker.java:707)at org.testng.internal.Invoker.invokeTestMethods(Invoker.java:979)at org.testng.internal.TestMethodWorker.invokeTestMethods(TestMethodWorker.java:125)at org.testng.internal.TestMethodWorker.run(TestMethodWorker.java:109)at org.testng.TestRunner.privateRun(TestRunner.java:648)at org.testng.TestRunner.run(TestRunner.java:505)at org.testng.SuiteRunner.runTest(SuiteRunner.java:455)at org.testng.SuiteRunner.runSequentially(SuiteRunner.java:450)at org.testng.SuiteRunner.privateRun(SuiteRunner.java:415)at org.testng.SuiteRunner.run(SuiteRunner.java:364)at org.testng.SuiteRunnerWorker.runSuite(SuiteRunnerWorker.java:52)at org.testng.SuiteRunnerWorker.run(SuiteRunnerWorker.java:84)at org.testng.TestNG.runSuitesSequentially(TestNG.java:1187)at org.testng.TestNG.runSuitesLocally(TestNG.java:1116)at org.testng.TestNG.runSuites(TestNG.java:1028)at org.testng.TestNG.run(TestNG.java:996)at org.testng.remote.AbstractRemoteTestNG.run(AbstractRemoteTestNG.java:114)at org.testng.remote.RemoteTestNG.initAndRun(RemoteTestNG.java:251)at org.testng.remote.RemoteTestNG.main(RemoteTestNG.java:77)]]>
    </failure>
  </testcase> <!-- successfullLogin -->
  <testcase name="checkBlankFields" time="25.175" classname="com.rsi.kma.automation.testScripts.Regression.Register">
    <failure type="java.lang.AssertionError" message="register is not present on the RegisterPage activity">
      <![CDATA[java.lang.AssertionError: register is not present on the RegisterPage activityat org.junit.Assert.fail(Assert.java:88)at com.rsi.kma.automation.modules.ActionModule.isDisplayed(ActionModule.java:79)at com.rsi.kma.automation.modules.ActionModule.click(ActionModule.java:21)at com.rsi.kma.automation.modules.RegisterModule.blankFieldMessage(RegisterModule.java:44)at com.rsi.kma.automation.testScripts.Regression.Register.checkBlankFields(Register.java:17)at sun.reflect.NativeMethodAccessorImpl.invoke0(Native Method)at sun.reflect.NativeMethodAccessorImpl.invoke(NativeMethodAccessorImpl.java:62)at sun.reflect.DelegatingMethodAccessorImpl.invoke(DelegatingMethodAccessorImpl.java:43)at java.lang.reflect.Method.invoke(Method.java:497)at org.testng.internal.MethodInvocationHelper.invokeMethod(MethodInvocationHelper.java:124)at org.testng.internal.Invoker.invokeMethod(Invoker.java:571)at org.testng.internal.Invoker.invokeTestMethod(Invoker.java:707)at org.testng.internal.Invoker.invokeTestMethods(Invoker.java:979)at org.testng.internal.TestMethodWorker.invokeTestMethods(TestMethodWorker.java:125)at org.testng.internal.TestMethodWorker.run(TestMethodWorker.java:109)at org.testng.TestRunner.privateRun(TestRunner.java:648)at org.testng.TestRunner.run(TestRunner.java:505)at org.testng.SuiteRunner.runTest(SuiteRunner.java:455)at org.testng.SuiteRunner.runSequentially(SuiteRunner.java:450)at org.testng.SuiteRunner.privateRun(SuiteRunner.java:415)at org.testng.SuiteRunner.run(SuiteRunner.java:364)at org.testng.SuiteRunnerWorker.runSuite(SuiteRunnerWorker.java:52)at org.testng.SuiteRunnerWorker.run(SuiteRunnerWorker.java:84)at org.testng.TestNG.runSuitesSequentially(TestNG.java:1187)at org.testng.TestNG.runSuitesLocally(TestNG.java:1116)at org.testng.TestNG.runSuites(TestNG.java:1028)at org.testng.TestNG.run(TestNG.java:996)at org.testng.remote.AbstractRemoteTestNG.run(AbstractRemoteTestNG.java:114)at org.testng.remote.RemoteTestNG.initAndRun(RemoteTestNG.java:251)at org.testng.remote.RemoteTestNG.main(RemoteTestNG.java:77)]]>
    </failure>
  </testcase> <!-- checkBlankFields -->
  <testcase name="checkInvalidEmail" time="70.469" classname="com.rsi.kma.automation.testScripts.Regression.Register"/>
  <testcase name="checkInvalidPassword" time="37.603" classname="com.rsi.kma.automation.testScripts.Regression.Register"/>
  <testcase name="accountCreation" time="637.457" classname="com.rsi.kma.automation.testScripts.Regression.Register">
    <failure type="java.lang.AssertionError" message="Email is not present on the Register activity">
      <![CDATA[java.lang.AssertionError: Email is not present on the Register activityat org.junit.Assert.fail(Assert.java:88)at com.rsi.kma.automation.modules.ActionModule.isDisplayed(ActionModule.java:79)at com.rsi.kma.automation.modules.ActionModule.sendKeys(ActionModule.java:51)at com.rsi.kma.automation.modules.RegisterModule.newUser(RegisterModule.java:479)at com.rsi.kma.automation.modules.RegisterModule.accountCreation(RegisterModule.java:417)at com.rsi.kma.automation.testScripts.Regression.Register.accountCreation(Register.java:61)at sun.reflect.NativeMethodAccessorImpl.invoke0(Native Method)at sun.reflect.NativeMethodAccessorImpl.invoke(NativeMethodAccessorImpl.java:62)at sun.reflect.DelegatingMethodAccessorImpl.invoke(DelegatingMethodAccessorImpl.java:43)at java.lang.reflect.Method.invoke(Method.java:497)at org.testng.internal.MethodInvocationHelper.invokeMethod(MethodInvocationHelper.java:124)at org.testng.internal.Invoker.invokeMethod(Invoker.java:571)at org.testng.internal.Invoker.invokeTestMethod(Invoker.java:707)at org.testng.internal.Invoker.invokeTestMethods(Invoker.java:979)at org.testng.internal.TestMethodWorker.invokeTestMethods(TestMethodWorker.java:125)at org.testng.internal.TestMethodWorker.run(TestMethodWorker.java:109)at org.testng.TestRunner.privateRun(TestRunner.java:648)at org.testng.TestRunner.run(TestRunner.java:505)at org.testng.SuiteRunner.runTest(SuiteRunner.java:455)at org.testng.SuiteRunner.runSequentially(SuiteRunner.java:450)at org.testng.SuiteRunner.privateRun(SuiteRunner.java:415)at org.testng.SuiteRunner.run(SuiteRunner.java:364)at org.testng.SuiteRunnerWorker.runSuite(SuiteRunnerWorker.java:52)at org.testng.SuiteRunnerWorker.run(SuiteRunnerWorker.java:84)at org.testng.TestNG.runSuitesSequentially(TestNG.java:1187)at org.testng.TestNG.runSuitesLocally(TestNG.java:1116)at org.testng.TestNG.runSuites(TestNG.java:1028)at org.testng.TestNG.run(TestNG.java:996)at org.testng.remote.AbstractRemoteTestNG.run(AbstractRemoteTestNG.java:114)at org.testng.remote.RemoteTestNG.initAndRun(RemoteTestNG.java:251)at org.testng.remote.RemoteTestNG.main(RemoteTestNG.java:77)]]>
    </failure>
  </testcase> <!-- accountCreation -->
</testsuite> <!-- com.rsi.kma.automation.testScripts.Regression.Register -->
