<?xml version="1.0" encoding="UTF-8"?>
<!-- Generated by org.testng.reporters.JUnitReportReporter -->
<testsuite skipped="0" hostname="C40FF55KMA" name="com.rsi.kma.automation.testScripts.Regression.LockUnlock" tests="4" failures="4" timestamp="28 May 2018 10:35:52 GMT" time="324.884" errors="0">
  <testcase name="lockDoorsEV1" time="80.985" classname="com.rsi.kma.automation.testScripts.Regression.LockUnlock">
    <failure type="java.lang.AssertionError" message="Request timeout.Login failed.User could not land on My Vehicle page">
      <![CDATA[java.lang.AssertionError: Request timeout.Login failed.User could not land on My Vehicle pageat org.testng.Assert.fail(Assert.java:96)at com.rsi.kma.automation.modules.LoginModule.login(LoginModule.java:51)at com.rsi.kma.automation.modules.OverviewModule.NavigateToOverviewPage(OverviewModule.java:47)at com.rsi.kma.automation.modules.LockUnlockModule.NavigateToLockUnlockPage(LockUnlockModule.java:31)at com.rsi.kma.automation.testScripts.Regression.LockUnlock.lockDoorsEV1(LockUnlock.java:43)at sun.reflect.NativeMethodAccessorImpl.invoke0(Native Method)at sun.reflect.NativeMethodAccessorImpl.invoke(NativeMethodAccessorImpl.java:62)at sun.reflect.DelegatingMethodAccessorImpl.invoke(DelegatingMethodAccessorImpl.java:43)at java.lang.reflect.Method.invoke(Method.java:497)at org.testng.internal.MethodInvocationHelper.invokeMethod(MethodInvocationHelper.java:124)at org.testng.internal.Invoker.invokeMethod(Invoker.java:571)at org.testng.internal.Invoker.invokeTestMethod(Invoker.java:707)at org.testng.internal.Invoker.invokeTestMethods(Invoker.java:979)at org.testng.internal.TestMethodWorker.invokeTestMethods(TestMethodWorker.java:125)at org.testng.internal.TestMethodWorker.run(TestMethodWorker.java:109)at org.testng.TestRunner.privateRun(TestRunner.java:648)at org.testng.TestRunner.run(TestRunner.java:505)at org.testng.SuiteRunner.runTest(SuiteRunner.java:455)at org.testng.SuiteRunner.runSequentially(SuiteRunner.java:450)at org.testng.SuiteRunner.privateRun(SuiteRunner.java:415)at org.testng.SuiteRunner.run(SuiteRunner.java:364)at org.testng.SuiteRunnerWorker.runSuite(SuiteRunnerWorker.java:52)at org.testng.SuiteRunnerWorker.run(SuiteRunnerWorker.java:84)at org.testng.TestNG.runSuitesSequentially(TestNG.java:1187)at org.testng.TestNG.runSuitesLocally(TestNG.java:1116)at org.testng.TestNG.runSuites(TestNG.java:1028)at org.testng.TestNG.run(TestNG.java:996)at org.testng.remote.AbstractRemoteTestNG.run(AbstractRemoteTestNG.java:114)at org.testng.remote.RemoteTestNG.initAndRun(RemoteTestNG.java:251)at org.testng.remote.RemoteTestNG.main(RemoteTestNG.java:77)]]>
    </failure>
  </testcase> <!-- lockDoorsEV1 -->
  <testcase name="unlockDoors" time="80.860" classname="com.rsi.kma.automation.testScripts.Regression.LockUnlock">
    <failure type="java.lang.AssertionError" message="Request timeout.Login failed.User could not land on My Vehicle page">
      <![CDATA[java.lang.AssertionError: Request timeout.Login failed.User could not land on My Vehicle pageat org.testng.Assert.fail(Assert.java:96)at com.rsi.kma.automation.modules.LoginModule.login(LoginModule.java:51)at com.rsi.kma.automation.modules.OverviewModule.NavigateToOverviewPage(OverviewModule.java:47)at com.rsi.kma.automation.modules.LockUnlockModule.NavigateToLockUnlockPage(LockUnlockModule.java:31)at com.rsi.kma.automation.testScripts.Regression.LockUnlock.unlockDoors(LockUnlock.java:57)at sun.reflect.NativeMethodAccessorImpl.invoke0(Native Method)at sun.reflect.NativeMethodAccessorImpl.invoke(NativeMethodAccessorImpl.java:62)at sun.reflect.DelegatingMethodAccessorImpl.invoke(DelegatingMethodAccessorImpl.java:43)at java.lang.reflect.Method.invoke(Method.java:497)at org.testng.internal.MethodInvocationHelper.invokeMethod(MethodInvocationHelper.java:124)at org.testng.internal.Invoker.invokeMethod(Invoker.java:571)at org.testng.internal.Invoker.invokeTestMethod(Invoker.java:707)at org.testng.internal.Invoker.invokeTestMethods(Invoker.java:979)at org.testng.internal.TestMethodWorker.invokeTestMethods(TestMethodWorker.java:125)at org.testng.internal.TestMethodWorker.run(TestMethodWorker.java:109)at org.testng.TestRunner.privateRun(TestRunner.java:648)at org.testng.TestRunner.run(TestRunner.java:505)at org.testng.SuiteRunner.runTest(SuiteRunner.java:455)at org.testng.SuiteRunner.runSequentially(SuiteRunner.java:450)at org.testng.SuiteRunner.privateRun(SuiteRunner.java:415)at org.testng.SuiteRunner.run(SuiteRunner.java:364)at org.testng.SuiteRunnerWorker.runSuite(SuiteRunnerWorker.java:52)at org.testng.SuiteRunnerWorker.run(SuiteRunnerWorker.java:84)at org.testng.TestNG.runSuitesSequentially(TestNG.java:1187)at org.testng.TestNG.runSuitesLocally(TestNG.java:1116)at org.testng.TestNG.runSuites(TestNG.java:1028)at org.testng.TestNG.run(TestNG.java:996)at org.testng.remote.AbstractRemoteTestNG.run(AbstractRemoteTestNG.java:114)at org.testng.remote.RemoteTestNG.initAndRun(RemoteTestNG.java:251)at org.testng.remote.RemoteTestNG.main(RemoteTestNG.java:77)]]>
    </failure>
  </testcase> <!-- unlockDoors -->
  <testcase name="lockDoors" time="81.247" classname="com.rsi.kma.automation.testScripts.Regression.LockUnlock">
    <failure type="java.lang.AssertionError" message="Request timeout.Login failed.User could not land on My Vehicle page">
      <![CDATA[java.lang.AssertionError: Request timeout.Login failed.User could not land on My Vehicle pageat org.testng.Assert.fail(Assert.java:96)at com.rsi.kma.automation.modules.LoginModule.login(LoginModule.java:51)at com.rsi.kma.automation.modules.OverviewModule.NavigateToOverviewPage(OverviewModule.java:47)at com.rsi.kma.automation.modules.LockUnlockModule.NavigateToLockUnlockPage(LockUnlockModule.java:31)at com.rsi.kma.automation.testScripts.Regression.LockUnlock.lockDoors(LockUnlock.java:73)at sun.reflect.NativeMethodAccessorImpl.invoke0(Native Method)at sun.reflect.NativeMethodAccessorImpl.invoke(NativeMethodAccessorImpl.java:62)at sun.reflect.DelegatingMethodAccessorImpl.invoke(DelegatingMethodAccessorImpl.java:43)at java.lang.reflect.Method.invoke(Method.java:497)at org.testng.internal.MethodInvocationHelper.invokeMethod(MethodInvocationHelper.java:124)at org.testng.internal.Invoker.invokeMethod(Invoker.java:571)at org.testng.internal.Invoker.invokeTestMethod(Invoker.java:707)at org.testng.internal.Invoker.invokeTestMethods(Invoker.java:979)at org.testng.internal.TestMethodWorker.invokeTestMethods(TestMethodWorker.java:125)at org.testng.internal.TestMethodWorker.run(TestMethodWorker.java:109)at org.testng.TestRunner.privateRun(TestRunner.java:648)at org.testng.TestRunner.run(TestRunner.java:505)at org.testng.SuiteRunner.runTest(SuiteRunner.java:455)at org.testng.SuiteRunner.runSequentially(SuiteRunner.java:450)at org.testng.SuiteRunner.privateRun(SuiteRunner.java:415)at org.testng.SuiteRunner.run(SuiteRunner.java:364)at org.testng.SuiteRunnerWorker.runSuite(SuiteRunnerWorker.java:52)at org.testng.SuiteRunnerWorker.run(SuiteRunnerWorker.java:84)at org.testng.TestNG.runSuitesSequentially(TestNG.java:1187)at org.testng.TestNG.runSuitesLocally(TestNG.java:1116)at org.testng.TestNG.runSuites(TestNG.java:1028)at org.testng.TestNG.run(TestNG.java:996)at org.testng.remote.AbstractRemoteTestNG.run(AbstractRemoteTestNG.java:114)at org.testng.remote.RemoteTestNG.initAndRun(RemoteTestNG.java:251)at org.testng.remote.RemoteTestNG.main(RemoteTestNG.java:77)]]>
    </failure>
  </testcase> <!-- lockDoors -->
  <testcase name="unlockDoorsEV1" time="81.792" classname="com.rsi.kma.automation.testScripts.Regression.LockUnlock">
    <failure type="java.lang.AssertionError" message="Request timeout.Login failed.User could not land on My Vehicle page">
      <![CDATA[java.lang.AssertionError: Request timeout.Login failed.User could not land on My Vehicle pageat org.testng.Assert.fail(Assert.java:96)at com.rsi.kma.automation.modules.LoginModule.login(LoginModule.java:51)at com.rsi.kma.automation.modules.OverviewModule.NavigateToOverviewPage(OverviewModule.java:47)at com.rsi.kma.automation.modules.LockUnlockModule.NavigateToLockUnlockPage(LockUnlockModule.java:31)at com.rsi.kma.automation.testScripts.Regression.LockUnlock.unlockDoorsEV1(LockUnlock.java:29)at sun.reflect.NativeMethodAccessorImpl.invoke0(Native Method)at sun.reflect.NativeMethodAccessorImpl.invoke(NativeMethodAccessorImpl.java:62)at sun.reflect.DelegatingMethodAccessorImpl.invoke(DelegatingMethodAccessorImpl.java:43)at java.lang.reflect.Method.invoke(Method.java:497)at org.testng.internal.MethodInvocationHelper.invokeMethod(MethodInvocationHelper.java:124)at org.testng.internal.Invoker.invokeMethod(Invoker.java:571)at org.testng.internal.Invoker.invokeTestMethod(Invoker.java:707)at org.testng.internal.Invoker.invokeTestMethods(Invoker.java:979)at org.testng.internal.TestMethodWorker.invokeTestMethods(TestMethodWorker.java:125)at org.testng.internal.TestMethodWorker.run(TestMethodWorker.java:109)at org.testng.TestRunner.privateRun(TestRunner.java:648)at org.testng.TestRunner.run(TestRunner.java:505)at org.testng.SuiteRunner.runTest(SuiteRunner.java:455)at org.testng.SuiteRunner.runSequentially(SuiteRunner.java:450)at org.testng.SuiteRunner.privateRun(SuiteRunner.java:415)at org.testng.SuiteRunner.run(SuiteRunner.java:364)at org.testng.SuiteRunnerWorker.runSuite(SuiteRunnerWorker.java:52)at org.testng.SuiteRunnerWorker.run(SuiteRunnerWorker.java:84)at org.testng.TestNG.runSuitesSequentially(TestNG.java:1187)at org.testng.TestNG.runSuitesLocally(TestNG.java:1116)at org.testng.TestNG.runSuites(TestNG.java:1028)at org.testng.TestNG.run(TestNG.java:996)at org.testng.remote.AbstractRemoteTestNG.run(AbstractRemoteTestNG.java:114)at org.testng.remote.RemoteTestNG.initAndRun(RemoteTestNG.java:251)at org.testng.remote.RemoteTestNG.main(RemoteTestNG.java:77)]]>
    </failure>
  </testcase> <!-- unlockDoorsEV1 -->
</testsuite> <!-- com.rsi.kma.automation.testScripts.Regression.LockUnlock -->
